-------------------------------------------------------------------------------
Test set: runners.TestRunner
-------------------------------------------------------------------------------
Tests run: 6, Failures: 5, Errors: 0, Skipped: 0, Time elapsed: 361.913 s <<< FAILURE! - in runners.TestRunner
runners.TestRunner.runScenario["Schedule and trigger an autodownload without tracking", "Auto Download Without Tracking"](2)  Time elapsed: 150.231 s  <<< FAILURE!
org.openqa.selenium.NoSuchSessionException: 
invalid session id: session deleted as the browser has closed the connection
from disconnected: not connected to DevTools
  (Session info: chrome=141.0.7390.66)
Build info: version: '4.35.0', revision: '1c58e5028b'
System info: os.name: 'Windows 11', os.arch: 'amd64', os.version: '10.0', java.version: '17.0.7'
Driver info: org.openqa.selenium.chrome.ChromeDriver
Command: [f7ea91a9834cfcafdd2365577c7d1676, refresh {}]
Capabilities {acceptInsecureCerts: false, browserName: chrome, browserVersion: 141.0.7390.66, chrome: {chromedriverVersion: 141.0.7390.76 (d6fcfbb51aac..., userDataDir: C:\Users\KIRAN_~1\AppData\L...}, fedcm:accounts: true, goog:chromeOptions: {debuggerAddress: localhost:50317}, networkConnectionEnabled: false, pageLoadStrategy: normal, platformName: windows, proxy: Proxy(), se:cdp: ws://localhost:50317/devtoo..., se:cdpVersion: 141.0.7390.66, setWindowRect: true, strictFileInteractability: false, timeouts: {implicit: 0, pageLoad: 300000, script: 30000}, unhandledPromptBehavior: dismiss and notify, webauthn:extension:credBlob: true, webauthn:extension:largeBlob: true, webauthn:extension:minPinLength: true, webauthn:extension:prf: true, webauthn:virtualAuthenticators: true}
Session ID: f7ea91a9834cfcafdd2365577c7d1676
	at java.base/jdk.internal.reflect.NativeConstructorAccessorImpl.newInstance0(Native Method)
	at java.base/jdk.internal.reflect.NativeConstructorAccessorImpl.newInstance(NativeConstructorAccessorImpl.java:77)
	at java.base/jdk.internal.reflect.DelegatingConstructorAccessorImpl.newInstance(DelegatingConstructorAccessorImpl.java:45)
	at java.base/java.lang.reflect.Constructor.newInstanceWithCaller(Constructor.java:499)
	at java.base/java.lang.reflect.Constructor.newInstance(Constructor.java:480)
	at org.openqa.selenium.remote.ErrorCodec.decode(ErrorCodec.java:167)
	at org.openqa.selenium.remote.codec.w3c.W3CHttpResponseCodec.decode(W3CHttpResponseCodec.java:138)
	at org.openqa.selenium.remote.codec.w3c.W3CHttpResponseCodec.decode(W3CHttpResponseCodec.java:50)
	at org.openqa.selenium.remote.HttpCommandExecutor.execute(HttpCommandExecutor.java:215)
	at org.openqa.selenium.remote.service.DriverCommandExecutor.invokeExecute(DriverCommandExecutor.java:216)
	at org.openqa.selenium.remote.service.DriverCommandExecutor.execute(DriverCommandExecutor.java:174)
	at org.openqa.selenium.remote.RemoteWebDriver.execute(RemoteWebDriver.java:557)
	at org.openqa.selenium.remote.RemoteWebDriver.execute(RemoteWebDriver.java:630)
	at org.openqa.selenium.remote.RemoteWebDriver.execute(RemoteWebDriver.java:634)
	at org.openqa.selenium.remote.RemoteWebDriver$RemoteNavigation.refresh(RemoteWebDriver.java:1099)
	at stepdefinitions.Autodownload_with_tracking_express.autodownload_api_triggered(Autodownload_with_tracking_express.java:97)
	at ✽.the autodownload API should be triggered successfully(file:///C:/Presolv_Project/NewIncase360updated/Incase360/src/test/resources/features/Autodownload_with_tracking_express.feature:15)

runners.TestRunner.runScenario["Schedule standard auto report successfully", "AutoReport for Standard Notice"](3)  Time elapsed: 31.683 s  <<< FAILURE!
org.openqa.selenium.TimeoutException: 
Expected condition failed: waiting for element to be clickable: By.xpath: /html/body/div[3]/div[2]/div[1]/span (tried for 10 second(s) with 500 milliseconds interval)
Build info: version: '4.35.0', revision: '1c58e5028b'
System info: os.name: 'Windows 11', os.arch: 'amd64', os.version: '10.0', java.version: '17.0.7'
Driver info: org.openqa.selenium.chrome.ChromeDriver
Capabilities {acceptInsecureCerts: false, browserName: chrome, browserVersion: 141.0.7390.66, chrome: {chromedriverVersion: 141.0.7390.65 (b2ec783d2b51..., userDataDir: C:\Users\KIRAN_~1\AppData\L...}, fedcm:accounts: true, goog:chromeOptions: {debuggerAddress: localhost:55480}, networkConnectionEnabled: false, pageLoadStrategy: normal, platformName: windows, proxy: Proxy(), se:cdp: ws://localhost:55480/devtoo..., se:cdpVersion: 141.0.7390.66, setWindowRect: true, strictFileInteractability: false, timeouts: {implicit: 0, pageLoad: 300000, script: 30000}, unhandledPromptBehavior: dismiss and notify, webauthn:extension:credBlob: true, webauthn:extension:largeBlob: true, webauthn:extension:minPinLength: true, webauthn:extension:prf: true, webauthn:virtualAuthenticators: true}
Session ID: 4bf970fcd0586c745947fd403b441ca1
	at org.openqa.selenium.support.ui.WebDriverWait.timeoutException(WebDriverWait.java:84)
	at org.openqa.selenium.support.ui.FluentWait.until(FluentWait.java:228)
	at stepdefinitions.Autoreport_for_standard_notice_steps.the_admin_schedules_a_standard_auto_report(Autoreport_for_standard_notice_steps.java:61)
	at ✽.the admin schedules a standard auto report for user "vipul" with notice "Mu" and batch "standard_batch_MSI_01"(file:///C:/Presolv_Project/NewIncase360updated/Incase360/src/test/resources/features/Autoreport_for_standard_notice.feature:6)

runners.TestRunner.runScenario["Generate autoreport for multiple batches", "Auto Report for Multiple Batches Express"](4)  Time elapsed: 0.012 s  <<< FAILURE!
java.lang.NullPointerException: Cannot invoke "org.openqa.selenium.WebDriver.get(String)" because "driver" is null
	at utilities.Login_functionality_admin.loginTest(Login_functionality_admin.java:25)
	at stepdefinitions.Autoreport_test_with_multiple_batches_express.i_am_logged_in_as_an_admin(Autoreport_test_with_multiple_batches_express.java:29)
	at ✽.I am logged in as an admin(file:///C:/Presolv_Project/NewIncase360updated/Incase360/src/test/resources/features/Autoreport_test_with_multiple_batches_express.feature:4)

runners.TestRunner.runScenario["Generate autoreport for multiple batches", "Auto Report for Multiple Batches Express"](5)  Time elapsed: 0.011 s  <<< FAILURE!
java.lang.NullPointerException: Cannot invoke "org.openqa.selenium.WebDriver.get(String)" because "driver" is null
	at utilities.Login_functionality_admin.loginTest(Login_functionality_admin.java:25)
	at stepdefinitions.Autoreport_test_with_multiple_batches_express.i_am_logged_in_as_an_admin(Autoreport_test_with_multiple_batches_express.java:29)
	at ✽.I am logged in as an admin(file:///C:/Presolv_Project/NewIncase360updated/Incase360/src/test/resources/features/Autoreport_test_with_multiple_batches_express.feature:4)

runners.TestRunner.runScenario["Generate autoreport for multiple batches", "Auto Report for Multiple Batches Express"](6)  Time elapsed: 0.009 s  <<< FAILURE!
java.lang.NullPointerException: Cannot invoke "org.openqa.selenium.WebDriver.get(String)" because "driver" is null
	at utilities.Login_functionality_admin.loginTest(Login_functionality_admin.java:25)
	at stepdefinitions.Autoreport_test_with_multiple_batches_express.i_am_logged_in_as_an_admin(Autoreport_test_with_multiple_batches_express.java:29)
	at ✽.I am logged in as an admin(file:///C:/Presolv_Project/NewIncase360updated/Incase360/src/test/resources/features/Autoreport_test_with_multiple_batches_express.feature:4)

