<?xml version="1.0" encoding="UTF-8"?>
<testng-results ignored="0" total="1" passed="1" failed="0" skipped="0">
  <reporter-output>
  </reporter-output>
  <suite started-at="2025-10-10T13:34:24 IST" name="Surefire suite" finished-at="2025-10-10T13:34:57 IST" duration-ms="33584">
    <groups>
    </groups>
    <test started-at="2025-10-10T13:34:24 IST" name="Surefire test" finished-at="2025-10-10T13:34:57 IST" duration-ms="33584">
      <class name="tests.UserRefIdSearch">
        <test-method signature="setup()[pri:0, instance:tests.UserRefIdSearch@9225652]" started-at="2025-10-10T13:34:24 IST" name="setup" finished-at="2025-10-10T13:34:56 IST" duration-ms="32481" status="PASS">
          <reporter-output>
          </reporter-output>
        </test-method> <!-- setup -->
        <test-method is-config="true" signature="callAutoDownloadNoticeAPI()[pri:0, instance:tests.UserRefIdSearch@9225652]" started-at="2025-10-10T13:34:56 IST" name="callAutoDownloadNoticeAPI" finished-at="2025-10-10T13:34:57 IST" duration-ms="1031" status="PASS">
          <reporter-output>
          </reporter-output>
        </test-method> <!-- callAutoDownloadNoticeAPI -->
      </class> <!-- tests.UserRefIdSearch -->
    </test> <!-- Surefire test -->
  </suite> <!-- Surefire suite -->
</testng-results>
