<?xml version="1.0" encoding="UTF-8"?>
<testsuite xmlns:xsi="http://www.w3.org/2001/XMLSchema-instance" xsi:noNamespaceSchemaLocation="https://maven.apache.org/surefire/maven-surefire-plugin/xsd/surefire-test-report-3.0.xsd" version="3.0" name="runners.TestRunner" time="361.913" tests="6" errors="0" skipped="0" failures="5">
  <properties>
[...]
</properties>
  <testcase name="runScenario[&quot;Verify that admin can create an auto download successfully&quot;, &quot;Auto Download With Tracking (Express Version)&quot;](1)" classname="runners.TestRunner" time="177.801">
    <system-out><![CDATA[
@AutoDownloadWithTrackingExpress
Scenario: Verify that admin can create an auto download successfully # src/test/resources/features/Autodownload_with_tracking.feature:29
  Given the admin is logged into the system                          # stepdefinitions.Autodownload_with_tracking_express.admin_is_logged_into_the_system()
  When the admin navigates to the autodownload page                  # stepdefinitions.Autodownload_with_tracking_express.admin_navigates_to_the_autodownload_page()
  And selects user "vipul"                                           # stepdefinitions.Autodownload_with_tracking_express.selects_user(java.lang.String)
  And selects template "multiple_coborrower_standard"                # stepdefinitions.Autodownload_with_tracking_express.selects_template(java.lang.String)
  And selects batch "large_batch"                                    # stepdefinitions.Autodownload_with_tracking_express.selects_batch(java.lang.String)
  And sets the current date and time for scheduling                  # stepdefinitions.Autodownload_with_tracking_express.sets_current_date_time()
  And submits the autodownload form                                  # stepdefinitions.Autodownload_with_tracking_express.submits_autodownload_form()
Response from /autoDownloadNotice:
<html>
  <body>
 
 {"code":200,"message":"Process complete. !!","response":"success"}</body>
</html>
  Then the autodownload API should be triggered successfully         # stepdefinitions.Autodownload_with_tracking_express.autodownload_api_triggered()
]]></system-out>
    <system-err><![CDATA[Oct 10, 2025 1:10:30 PM org.openqa.selenium.devtools.CdpVersionFinder findNearestMatch
WARNING: Unable to find an exact match for CDP version 141, returning the closest version; found: 139; Please update to a Selenium version that supports CDP version 141
]]></system-err>
  </testcase>
  <testcase name="runScenario[&quot;Schedule and trigger an autodownload without tracking&quot;, &quot;Auto Download Without Tracking&quot;](2)" classname="runners.TestRunner" time="150.231">
    <failure message="invalid session id: session deleted as the browser has closed the connection&#10;from disconnected: not connected to DevTools&#10;  (Session info: chrome=141.0.7390.66)&#10;Build info: version: &apos;4.35.0&apos;, revision: &apos;1c58e5028b&apos;&#10;System info: os.name: &apos;Windows 11&apos;, os.arch: &apos;amd64&apos;, os.version: &apos;10.0&apos;, java.version: &apos;17.0.7&apos;&#10;Driver info: org.openqa.selenium.chrome.ChromeDriver&#10;Command: [f7ea91a9834cfcafdd2365577c7d1676, refresh {}]&#10;Capabilities {acceptInsecureCerts: false, browserName: chrome, browserVersion: 141.0.7390.66, chrome: {chromedriverVersion: 141.0.7390.76 (d6fcfbb51aac..., userDataDir: C:\Users\KIRAN_~1\AppData\L...}, fedcm:accounts: true, goog:chromeOptions: {debuggerAddress: localhost:50317}, networkConnectionEnabled: false, pageLoadStrategy: normal, platformName: windows, proxy: Proxy(), se:cdp: ws://localhost:50317/devtoo..., se:cdpVersion: 141.0.7390.66, setWindowRect: true, strictFileInteractability: false, timeouts: {implicit: 0, pageLoad: 300000, script: 30000}, unhandledPromptBehavior: dismiss and notify, webauthn:extension:credBlob: true, webauthn:extension:largeBlob: true, webauthn:extension:minPinLength: true, webauthn:extension:prf: true, webauthn:virtualAuthenticators: true}&#10;Session ID: f7ea91a9834cfcafdd2365577c7d1676" type="org.openqa.selenium.NoSuchSessionException"><![CDATA[org.openqa.selenium.NoSuchSessionException: 
invalid session id: session deleted as the browser has closed the connection
from disconnected: not connected to DevTools
  (Session info: chrome=141.0.7390.66)
Build info: version: '4.35.0', revision: '1c58e5028b'
System info: os.name: 'Windows 11', os.arch: 'amd64', os.version: '10.0', java.version: '17.0.7'
Driver info: org.openqa.selenium.chrome.ChromeDriver
Command: [f7ea91a9834cfcafdd2365577c7d1676, refresh {}]
Capabilities {acceptInsecureCerts: false, browserName: chrome, browserVersion: 141.0.7390.66, chrome: {chromedriverVersion: 141.0.7390.76 (d6fcfbb51aac..., userDataDir: C:\Users\KIRAN_~1\AppData\L...}, fedcm:accounts: true, goog:chromeOptions: {debuggerAddress: localhost:50317}, networkConnectionEnabled: false, pageLoadStrategy: normal, platformName: windows, proxy: Proxy(), se:cdp: ws://localhost:50317/devtoo..., se:cdpVersion: 141.0.7390.66, setWindowRect: true, strictFileInteractability: false, timeouts: {implicit: 0, pageLoad: 300000, script: 30000}, unhandledPromptBehavior: dismiss and notify, webauthn:extension:credBlob: true, webauthn:extension:largeBlob: true, webauthn:extension:minPinLength: true, webauthn:extension:prf: true, webauthn:virtualAuthenticators: true}
Session ID: f7ea91a9834cfcafdd2365577c7d1676
	at java.base/jdk.internal.reflect.NativeConstructorAccessorImpl.newInstance0(Native Method)
	at java.base/jdk.internal.reflect.NativeConstructorAccessorImpl.newInstance(NativeConstructorAccessorImpl.java:77)
	at java.base/jdk.internal.reflect.DelegatingConstructorAccessorImpl.newInstance(DelegatingConstructorAccessorImpl.java:45)
	at java.base/java.lang.reflect.Constructor.newInstanceWithCaller(Constructor.java:499)
	at java.base/java.lang.reflect.Constructor.newInstance(Constructor.java:480)
	at org.openqa.selenium.remote.ErrorCodec.decode(ErrorCodec.java:167)
	at org.openqa.selenium.remote.codec.w3c.W3CHttpResponseCodec.decode(W3CHttpResponseCodec.java:138)
	at org.openqa.selenium.remote.codec.w3c.W3CHttpResponseCodec.decode(W3CHttpResponseCodec.java:50)
	at org.openqa.selenium.remote.HttpCommandExecutor.execute(HttpCommandExecutor.java:215)
	at org.openqa.selenium.remote.service.DriverCommandExecutor.invokeExecute(DriverCommandExecutor.java:216)
	at org.openqa.selenium.remote.service.DriverCommandExecutor.execute(DriverCommandExecutor.java:174)
	at org.openqa.selenium.remote.RemoteWebDriver.execute(RemoteWebDriver.java:557)
	at org.openqa.selenium.remote.RemoteWebDriver.execute(RemoteWebDriver.java:630)
	at org.openqa.selenium.remote.RemoteWebDriver.execute(RemoteWebDriver.java:634)
	at org.openqa.selenium.remote.RemoteWebDriver$RemoteNavigation.refresh(RemoteWebDriver.java:1099)
	at stepdefinitions.Autodownload_with_tracking_express.autodownload_api_triggered(Autodownload_with_tracking_express.java:97)
	at ✽.the autodownload API should be triggered successfully(file:///C:/Presolv_Project/NewIncase360updated/Incase360/src/test/resources/features/Autodownload_with_tracking_express.feature:15)
]]></failure>
    <system-out><![CDATA[
Scenario: Schedule and trigger an autodownload without tracking # src/test/resources/features/Autodownload_with_tracking_express.feature:8
  Given the admin is logged into the system                     # stepdefinitions.Autodownload_with_tracking_express.admin_is_logged_into_the_system()
  When the admin navigates to the autodownload page             # stepdefinitions.Autodownload_with_tracking_express.admin_navigates_to_the_autodownload_page()
  And selects user "vipul"                                      # stepdefinitions.Autodownload_with_tracking_express.selects_user(java.lang.String)
  And selects template "multiple_coborrower_standard"           # stepdefinitions.Autodownload_with_tracking_express.selects_template(java.lang.String)
  And selects batch "large_batch"                               # stepdefinitions.Autodownload_with_tracking_express.selects_batch(java.lang.String)
  And sets the current date and time for scheduling             # stepdefinitions.Autodownload_with_tracking_express.sets_current_date_time()
  And submits the autodownload form                             # stepdefinitions.Autodownload_with_tracking_express.submits_autodownload_form()
Response from /autoDownloadNotice:
<html>
  <body>
 
 {"code":200,"message":"Process complete. !!","response":"success"}</body>
</html>
  Then the autodownload API should be triggered successfully    # stepdefinitions.Autodownload_with_tracking_express.autodownload_api_triggered()
      org.openqa.selenium.NoSuchSessionException: invalid session id: session deleted as the browser has closed the connection
      from disconnected: not connected to DevTools
        (Session info: chrome=141.0.7390.66)
      Build info: version: '4.35.0', revision: '1c58e5028b'
      System info: os.name: 'Windows 11', os.arch: 'amd64', os.version: '10.0', java.version: '17.0.7'
      Driver info: org.openqa.selenium.chrome.ChromeDriver
      Command: [f7ea91a9834cfcafdd2365577c7d1676, refresh {}]
      Capabilities {acceptInsecureCerts: false, browserName: chrome, browserVersion: 141.0.7390.66, chrome: {chromedriverVersion: 141.0.7390.76 (d6fcfbb51aac..., userDataDir: C:\Users\KIRAN_~1\AppData\L...}, fedcm:accounts: true, goog:chromeOptions: {debuggerAddress: localhost:50317}, networkConnectionEnabled: false, pageLoadStrategy: normal, platformName: windows, proxy: Proxy(), se:cdp: ws://localhost:50317/devtoo..., se:cdpVersion: 141.0.7390.66, setWindowRect: true, strictFileInteractability: false, timeouts: {implicit: 0, pageLoad: 300000, script: 30000}, unhandledPromptBehavior: dismiss and notify, webauthn:extension:credBlob: true, webauthn:extension:largeBlob: true, webauthn:extension:minPinLength: true, webauthn:extension:prf: true, webauthn:virtualAuthenticators: true}
      Session ID: f7ea91a9834cfcafdd2365577c7d1676
      	at java.base/jdk.internal.reflect.NativeConstructorAccessorImpl.newInstance0(Native Method)
      	at java.base/jdk.internal.reflect.NativeConstructorAccessorImpl.newInstance(NativeConstructorAccessorImpl.java:77)
      	at java.base/jdk.internal.reflect.DelegatingConstructorAccessorImpl.newInstance(DelegatingConstructorAccessorImpl.java:45)
      	at java.base/java.lang.reflect.Constructor.newInstanceWithCaller(Constructor.java:499)
      	at java.base/java.lang.reflect.Constructor.newInstance(Constructor.java:480)
      	at org.openqa.selenium.remote.ErrorCodec.decode(ErrorCodec.java:167)
      	at org.openqa.selenium.remote.codec.w3c.W3CHttpResponseCodec.decode(W3CHttpResponseCodec.java:138)
      	at org.openqa.selenium.remote.codec.w3c.W3CHttpResponseCodec.decode(W3CHttpResponseCodec.java:50)
      	at org.openqa.selenium.remote.HttpCommandExecutor.execute(HttpCommandExecutor.java:215)
      	at org.openqa.selenium.remote.service.DriverCommandExecutor.invokeExecute(DriverCommandExecutor.java:216)
      	at org.openqa.selenium.remote.service.DriverCommandExecutor.execute(DriverCommandExecutor.java:174)
      	at org.openqa.selenium.remote.RemoteWebDriver.execute(RemoteWebDriver.java:557)
      	at org.openqa.selenium.remote.RemoteWebDriver.execute(RemoteWebDriver.java:630)
      	at org.openqa.selenium.remote.RemoteWebDriver.execute(RemoteWebDriver.java:634)
      	at org.openqa.selenium.remote.RemoteWebDriver$RemoteNavigation.refresh(RemoteWebDriver.java:1099)
      	at stepdefinitions.Autodownload_with_tracking_express.autodownload_api_triggered(Autodownload_with_tracking_express.java:97)
      	at âœ½.the autodownload API should be triggered successfully(file:///C:/Presolv_Project/NewIncase360updated/Incase360/src/test/resources/features/Autodownload_with_tracking_express.feature:15)
]]></system-out>
    <system-err><![CDATA[Oct 10, 2025 1:13:23 PM org.openqa.selenium.devtools.CdpVersionFinder findNearestMatch
WARNING: Unable to find an exact match for CDP version 141, returning the closest version; found: 139; Please update to a Selenium version that supports CDP version 141
]]></system-err>
  </testcase>
  <testcase name="runScenario[&quot;Schedule standard auto report successfully&quot;, &quot;AutoReport for Standard Notice&quot;](3)" classname="runners.TestRunner" time="31.683">
    <failure message="Expected condition failed: waiting for element to be clickable: By.xpath: /html/body/div[3]/div[2]/div[1]/span (tried for 10 second(s) with 500 milliseconds interval)&#10;Build info: version: &apos;4.35.0&apos;, revision: &apos;1c58e5028b&apos;&#10;System info: os.name: &apos;Windows 11&apos;, os.arch: &apos;amd64&apos;, os.version: &apos;10.0&apos;, java.version: &apos;17.0.7&apos;&#10;Driver info: org.openqa.selenium.chrome.ChromeDriver&#10;Capabilities {acceptInsecureCerts: false, browserName: chrome, browserVersion: 141.0.7390.66, chrome: {chromedriverVersion: 141.0.7390.65 (b2ec783d2b51..., userDataDir: C:\Users\KIRAN_~1\AppData\L...}, fedcm:accounts: true, goog:chromeOptions: {debuggerAddress: localhost:55480}, networkConnectionEnabled: false, pageLoadStrategy: normal, platformName: windows, proxy: Proxy(), se:cdp: ws://localhost:55480/devtoo..., se:cdpVersion: 141.0.7390.66, setWindowRect: true, strictFileInteractability: false, timeouts: {implicit: 0, pageLoad: 300000, script: 30000}, unhandledPromptBehavior: dismiss and notify, webauthn:extension:credBlob: true, webauthn:extension:largeBlob: true, webauthn:extension:minPinLength: true, webauthn:extension:prf: true, webauthn:virtualAuthenticators: true}&#10;Session ID: 4bf970fcd0586c745947fd403b441ca1" type="org.openqa.selenium.TimeoutException"><![CDATA[org.openqa.selenium.TimeoutException: 
Expected condition failed: waiting for element to be clickable: By.xpath: /html/body/div[3]/div[2]/div[1]/span (tried for 10 second(s) with 500 milliseconds interval)
Build info: version: '4.35.0', revision: '1c58e5028b'
System info: os.name: 'Windows 11', os.arch: 'amd64', os.version: '10.0', java.version: '17.0.7'
Driver info: org.openqa.selenium.chrome.ChromeDriver
Capabilities {acceptInsecureCerts: false, browserName: chrome, browserVersion: 141.0.7390.66, chrome: {chromedriverVersion: 141.0.7390.65 (b2ec783d2b51..., userDataDir: C:\Users\KIRAN_~1\AppData\L...}, fedcm:accounts: true, goog:chromeOptions: {debuggerAddress: localhost:55480}, networkConnectionEnabled: false, pageLoadStrategy: normal, platformName: windows, proxy: Proxy(), se:cdp: ws://localhost:55480/devtoo..., se:cdpVersion: 141.0.7390.66, setWindowRect: true, strictFileInteractability: false, timeouts: {implicit: 0, pageLoad: 300000, script: 30000}, unhandledPromptBehavior: dismiss and notify, webauthn:extension:credBlob: true, webauthn:extension:largeBlob: true, webauthn:extension:minPinLength: true, webauthn:extension:prf: true, webauthn:virtualAuthenticators: true}
Session ID: 4bf970fcd0586c745947fd403b441ca1
	at org.openqa.selenium.support.ui.WebDriverWait.timeoutException(WebDriverWait.java:84)
	at org.openqa.selenium.support.ui.FluentWait.until(FluentWait.java:228)
	at stepdefinitions.Autoreport_for_standard_notice_steps.the_admin_schedules_a_standard_auto_report(Autoreport_for_standard_notice_steps.java:61)
	at ✽.the admin schedules a standard auto report for user "vipul" with notice "Mu" and batch "standard_batch_MSI_01"(file:///C:/Presolv_Project/NewIncase360updated/Incase360/src/test/resources/features/Autoreport_for_standard_notice.feature:6)
]]></failure>
    <system-out><![CDATA[
Scenario: Schedule standard auto report successfully                                                                  # src/test/resources/features/Autoreport_for_standard_notice.feature:3
  Given Given the admin logs into the Incase360 application for STANDARD auto report                                  # stepdefinitions.Autoreport_for_standard_notice_steps.the_admin_logs_into_the_incase360_application_standard()
  When the admin schedules a standard auto report for user "vipul" with notice "Mu" and batch "standard_batch_MSI_01" # stepdefinitions.Autoreport_for_standard_notice_steps.the_admin_schedules_a_standard_auto_report(java.lang.String,java.lang.String,java.lang.String)
      org.openqa.selenium.TimeoutException: Expected condition failed: waiting for element to be clickable: By.xpath: /html/body/div[3]/div[2]/div[1]/span (tried for 10 second(s) with 500 milliseconds interval)
      Build info: version: '4.35.0', revision: '1c58e5028b'
      System info: os.name: 'Windows 11', os.arch: 'amd64', os.version: '10.0', java.version: '17.0.7'
      Driver info: org.openqa.selenium.chrome.ChromeDriver
      Capabilities {acceptInsecureCerts: false, browserName: chrome, browserVersion: 141.0.7390.66, chrome: {chromedriverVersion: 141.0.7390.65 (b2ec783d2b51..., userDataDir: C:\Users\KIRAN_~1\AppData\L...}, fedcm:accounts: true, goog:chromeOptions: {debuggerAddress: localhost:55480}, networkConnectionEnabled: false, pageLoadStrategy: normal, platformName: windows, proxy: Proxy(), se:cdp: ws://localhost:55480/devtoo..., se:cdpVersion: 141.0.7390.66, setWindowRect: true, strictFileInteractability: false, timeouts: {implicit: 0, pageLoad: 300000, script: 30000}, unhandledPromptBehavior: dismiss and notify, webauthn:extension:credBlob: true, webauthn:extension:largeBlob: true, webauthn:extension:minPinLength: true, webauthn:extension:prf: true, webauthn:virtualAuthenticators: true}
      Session ID: 4bf970fcd0586c745947fd403b441ca1
      	at org.openqa.selenium.support.ui.WebDriverWait.timeoutException(WebDriverWait.java:84)
      	at org.openqa.selenium.support.ui.FluentWait.until(FluentWait.java:228)
      	at stepdefinitions.Autoreport_for_standard_notice_steps.the_admin_schedules_a_standard_auto_report(Autoreport_for_standard_notice_steps.java:61)
      	at âœ½.the admin schedules a standard auto report for user "vipul" with notice "Mu" and batch "standard_batch_MSI_01"(file:///C:/Presolv_Project/NewIncase360updated/Incase360/src/test/resources/features/Autoreport_for_standard_notice.feature:6)
  And the admin sets the standard auto report schedule time to "2024-09-23T13:45"                                     # stepdefinitions.Autoreport_for_standard_notice_steps.the_admin_sets_the_standard_auto_report_schedule_time(java.lang.String)
  And the admin submits the standard auto report                                                                      # stepdefinitions.Autoreport_for_standard_notice_steps.the_admin_submits_the_standard_auto_report()
  Then the standard AutoReport API should be triggered successfully                                                   # stepdefinitions.Autoreport_for_standard_notice_steps.the_standard_autoreport_api_should_be_triggered_successfully()
]]></system-out>
    <system-err><![CDATA[[main] INFO io.github.bonigarcia.wdm.WebDriverManager - Using chromedriver 141.0.7390.65 (resolved driver for Chrome 141)
[main] INFO io.github.bonigarcia.wdm.WebDriverManager - Exporting webdriver.chrome.driver as C:\Users\Kiran_Presolv360\.cache\selenium\chromedriver\win64\141.0.7390.65\chromedriver.exe
Oct 10, 2025 1:15:55 PM org.openqa.selenium.devtools.CdpVersionFinder findNearestMatch
WARNING: Unable to find an exact match for CDP version 141, returning the closest version; found: 139; Please update to a Selenium version that supports CDP version 141
]]></system-err>
  </testcase>
  <testcase name="runScenario[&quot;Generate autoreport for multiple batches&quot;, &quot;Auto Report for Multiple Batches Express&quot;](4)" classname="runners.TestRunner" time="0.012">
    <failure message="Cannot invoke &quot;org.openqa.selenium.WebDriver.get(String)&quot; because &quot;driver&quot; is null" type="java.lang.NullPointerException"><![CDATA[java.lang.NullPointerException: Cannot invoke "org.openqa.selenium.WebDriver.get(String)" because "driver" is null
	at utilities.Login_functionality_admin.loginTest(Login_functionality_admin.java:25)
	at stepdefinitions.Autoreport_test_with_multiple_batches_express.i_am_logged_in_as_an_admin(Autoreport_test_with_multiple_batches_express.java:29)
	at ✽.I am logged in as an admin(file:///C:/Presolv_Project/NewIncase360updated/Incase360/src/test/resources/features/Autoreport_test_with_multiple_batches_express.feature:4)
]]></failure>
    <system-out><![CDATA[
Scenario Outline: Generate autoreport for multiple batches # src/test/resources/features/Autoreport_test_with_multiple_batches_express.feature:18
  Given I am logged in as an admin                         # stepdefinitions.Autoreport_test_with_multiple_batches_express.i_am_logged_in_as_an_admin()
      java.lang.NullPointerException: Cannot invoke "org.openqa.selenium.WebDriver.get(String)" because "driver" is null
      	at utilities.Login_functionality_admin.loginTest(Login_functionality_admin.java:25)
      	at stepdefinitions.Autoreport_test_with_multiple_batches_express.i_am_logged_in_as_an_admin(Autoreport_test_with_multiple_batches_express.java:29)
      	at âœ½.I am logged in as an admin(file:///C:/Presolv_Project/NewIncase360updated/Incase360/src/test/resources/features/Autoreport_test_with_multiple_batches_express.feature:4)
  And I navigate to the autoreport page                    # stepdefinitions.Autoreport_test_with_multiple_batches_express.i_navigate_to_the_autoreport_page()
  When I fill student as "vipul"                           # stepdefinitions.Autoreport_test_with_multiple_batches_express.i_fill_student_as(java.lang.String)
  And I select teacher as "Com"                            # stepdefinitions.Autoreport_test_with_multiple_batches_express.i_select_teacher_as(java.lang.String)
  And I select batch "Test_que_table_entry_01"             # stepdefinitions.Autoreport_test_with_multiple_batches_express.i_select_batch(java.lang.String)
  And I set datetime as "2024-09-23T13:45"                 # stepdefinitions.Autoreport_test_with_multiple_batches_express.i_set_datetime_as(java.lang.String)
  And I pick a random class                                # stepdefinitions.Autoreport_test_with_multiple_batches_express.i_pick_a_random_class()
  And I submit the autoreport                              # stepdefinitions.Autoreport_test_with_multiple_batches_express.i_submit_the_autoreport()
  Then The parent notice API should be triggered           # stepdefinitions.Autoreport_test_with_multiple_batches_express.the_parent_notice_api_should_be_triggered()
]]></system-out>
  </testcase>
  <testcase name="runScenario[&quot;Generate autoreport for multiple batches&quot;, &quot;Auto Report for Multiple Batches Express&quot;](5)" classname="runners.TestRunner" time="0.011">
    <failure message="Cannot invoke &quot;org.openqa.selenium.WebDriver.get(String)&quot; because &quot;driver&quot; is null" type="java.lang.NullPointerException"><![CDATA[java.lang.NullPointerException: Cannot invoke "org.openqa.selenium.WebDriver.get(String)" because "driver" is null
	at utilities.Login_functionality_admin.loginTest(Login_functionality_admin.java:25)
	at stepdefinitions.Autoreport_test_with_multiple_batches_express.i_am_logged_in_as_an_admin(Autoreport_test_with_multiple_batches_express.java:29)
	at ✽.I am logged in as an admin(file:///C:/Presolv_Project/NewIncase360updated/Incase360/src/test/resources/features/Autoreport_test_with_multiple_batches_express.feature:4)
]]></failure>
    <system-out><![CDATA[
Scenario Outline: Generate autoreport for multiple batches # src/test/resources/features/Autoreport_test_with_multiple_batches_express.feature:19
  Given I am logged in as an admin                         # stepdefinitions.Autoreport_test_with_multiple_batches_express.i_am_logged_in_as_an_admin()
      java.lang.NullPointerException: Cannot invoke "org.openqa.selenium.WebDriver.get(String)" because "driver" is null
      	at utilities.Login_functionality_admin.loginTest(Login_functionality_admin.java:25)
      	at stepdefinitions.Autoreport_test_with_multiple_batches_express.i_am_logged_in_as_an_admin(Autoreport_test_with_multiple_batches_express.java:29)
      	at âœ½.I am logged in as an admin(file:///C:/Presolv_Project/NewIncase360updated/Incase360/src/test/resources/features/Autoreport_test_with_multiple_batches_express.feature:4)
  And I navigate to the autoreport page                    # stepdefinitions.Autoreport_test_with_multiple_batches_express.i_navigate_to_the_autoreport_page()
  When I fill student as "vipul"                           # stepdefinitions.Autoreport_test_with_multiple_batches_express.i_fill_student_as(java.lang.String)
  And I select teacher as "Com"                            # stepdefinitions.Autoreport_test_with_multiple_batches_express.i_select_teacher_as(java.lang.String)
  And I select batch "without_com_express_01"              # stepdefinitions.Autoreport_test_with_multiple_batches_express.i_select_batch(java.lang.String)
  And I set datetime as "2024-09-23T13:45"                 # stepdefinitions.Autoreport_test_with_multiple_batches_express.i_set_datetime_as(java.lang.String)
  And I pick a random class                                # stepdefinitions.Autoreport_test_with_multiple_batches_express.i_pick_a_random_class()
  And I submit the autoreport                              # stepdefinitions.Autoreport_test_with_multiple_batches_express.i_submit_the_autoreport()
  Then The parent notice API should be triggered           # stepdefinitions.Autoreport_test_with_multiple_batches_express.the_parent_notice_api_should_be_triggered()
]]></system-out>
  </testcase>
  <testcase name="runScenario[&quot;Generate autoreport for multiple batches&quot;, &quot;Auto Report for Multiple Batches Express&quot;](6)" classname="runners.TestRunner" time="0.009">
    <failure message="Cannot invoke &quot;org.openqa.selenium.WebDriver.get(String)&quot; because &quot;driver&quot; is null" type="java.lang.NullPointerException"><![CDATA[java.lang.NullPointerException: Cannot invoke "org.openqa.selenium.WebDriver.get(String)" because "driver" is null
	at utilities.Login_functionality_admin.loginTest(Login_functionality_admin.java:25)
	at stepdefinitions.Autoreport_test_with_multiple_batches_express.i_am_logged_in_as_an_admin(Autoreport_test_with_multiple_batches_express.java:29)
	at ✽.I am logged in as an admin(file:///C:/Presolv_Project/NewIncase360updated/Incase360/src/test/resources/features/Autoreport_test_with_multiple_batches_express.feature:4)
]]></failure>
    <system-out><![CDATA[
Scenario Outline: Generate autoreport for multiple batches # src/test/resources/features/Autoreport_test_with_multiple_batches_express.feature:20
  Given I am logged in as an admin                         # stepdefinitions.Autoreport_test_with_multiple_batches_express.i_am_logged_in_as_an_admin()
      java.lang.NullPointerException: Cannot invoke "org.openqa.selenium.WebDriver.get(String)" because "driver" is null
      	at utilities.Login_functionality_admin.loginTest(Login_functionality_admin.java:25)
      	at stepdefinitions.Autoreport_test_with_multiple_batches_express.i_am_logged_in_as_an_admin(Autoreport_test_with_multiple_batches_express.java:29)
      	at âœ½.I am logged in as an admin(file:///C:/Presolv_Project/NewIncase360updated/Incase360/src/test/resources/features/Autoreport_test_with_multiple_batches_express.feature:4)
  And I navigate to the autoreport page                    # stepdefinitions.Autoreport_test_with_multiple_batches_express.i_navigate_to_the_autoreport_page()
  When I fill student as "vipul"                           # stepdefinitions.Autoreport_test_with_multiple_batches_express.i_fill_student_as(java.lang.String)
  And I select teacher as "Com"                            # stepdefinitions.Autoreport_test_with_multiple_batches_express.i_select_teacher_as(java.lang.String)
  And I select batch "without_com_express_02"              # stepdefinitions.Autoreport_test_with_multiple_batches_express.i_select_batch(java.lang.String)
  And I set datetime as "2024-09-23T13:45"                 # stepdefinitions.Autoreport_test_with_multiple_batches_express.i_set_datetime_as(java.lang.String)
  And I pick a random class                                # stepdefinitions.Autoreport_test_with_multiple_batches_express.i_pick_a_random_class()
  And I submit the autoreport                              # stepdefinitions.Autoreport_test_with_multiple_batches_express.i_submit_the_autoreport()
  Then The parent notice API should be triggered           # stepdefinitions.Autoreport_test_with_multiple_batches_express.the_parent_notice_api_should_be_triggered()
]]></system-out>
  </testcase>
</testsuite>