<?xml version="1.0" encoding="UTF-8"?>
<testng-results ignored="0" total="1" passed="1" failed="0" skipped="0">
  <reporter-output>
  </reporter-output>
  <suite started-at="2026-02-03T16:41:15 IST" name="Test Suite" finished-at="2026-02-03T16:41:43 IST" duration-ms="28573">
    <groups>
      <group name="cucumber">
        <method signature="AbstractTestNGCucumberTests.runScenario(io.cucumber.testng.PickleWrapper,io.cucumber.testng.FeatureWrapper)[pri:0, instance:runners.TestRunner@22555ebf]" name="runScenario" class="io.cucumber.testng.AbstractTestNGCucumberTests"/>
      </group> <!-- cucumber -->
    </groups>
    <test started-at="2026-02-03T16:41:15 IST" name="TestScriptsExecution" finished-at="2026-02-03T16:41:43 IST" duration-ms="28573">
      <class name="runners.TestRunner">
        <test-method is-config="true" signature="setUpClass(org.testng.ITestContext)[pri:0, instance:runners.TestRunner@22555ebf]" started-at="2026-02-03T16:41:15 IST" name="setUpClass" finished-at="2026-02-03T16:41:15 IST" duration-ms="599" status="PASS">
          <params>
            <param index="0">
              <value>
                <![CDATA[org.testng.TestRunner@63538bb4]]>
              </value>
            </param>
          </params>
          <reporter-output>
          </reporter-output>
        </test-method> <!-- setUpClass -->
        <test-method signature="runScenario(io.cucumber.testng.PickleWrapper,io.cucumber.testng.FeatureWrapper)[pri:0, instance:runners.TestRunner@22555ebf]" started-at="2026-02-03T16:41:15 IST" name="runScenario" description="Runs Cucumber Scenarios" data-provider="scenarios" finished-at="2026-02-03T16:41:43 IST" duration-ms="27866" status="PASS">
          <params>
            <param index="0">
              <value>
                <![CDATA["Successfully create a new letterhead with images and formatting"]]>
              </value>
            </param>
            <param index="1">
              <value>
                <![CDATA["Letterhead Creation"]]>
              </value>
            </param>
          </params>
          <reporter-output>
          </reporter-output>
        </test-method> <!-- runScenario -->
        <test-method is-config="true" signature="tearDownClass()[pri:0, instance:runners.TestRunner@22555ebf]" started-at="2026-02-03T16:41:43 IST" name="tearDownClass" finished-at="2026-02-03T16:41:43 IST" duration-ms="66" status="PASS">
          <reporter-output>
          </reporter-output>
        </test-method> <!-- tearDownClass -->
      </class> <!-- runners.TestRunner -->
    </test> <!-- TestScriptsExecution -->
  </suite> <!-- Test Suite -->
</testng-results>
