<?xml version="1.0" encoding="UTF-8"?>
<testsuite xmlns:xsi="http://www.w3.org/2001/XMLSchema-instance" xsi:noNamespaceSchemaLocation="https://maven.apache.org/surefire/maven-surefire-plugin/xsd/surefire-test-report-3.0.xsd" version="3.0" name="runners.TestRunner" time="361.913" tests="6" errors="0" skipped="0" failures="5">
  <properties>
    <property name="java.specification.version" value="17"/>
    <property name="webdriver.chrome.driver" value="C:\Users\Kiran_Presolv360\.cache\selenium\chromedriver\win64\141.0.7390.65\chromedriver.exe"/>
    <property name="sun.cpu.isalist" value="amd64"/>
    <property name="sun.jnu.encoding" value="Cp1252"/>
    <property name="java.class.path" value="C:\Presolv_Project\NewIncase360updated\Incase360\target\test-classes;C:\Presolv_Project\NewIncase360updated\Incase360\target\classes;C:\Users\Kiran_Presolv360\.m2\repository\org\seleniumhq\selenium\selenium-java\4.35.0\selenium-java-4.35.0.jar;C:\Users\Kiran_Presolv360\.m2\repository\org\seleniumhq\selenium\selenium-api\4.35.0\selenium-api-4.35.0.jar;C:\Users\Kiran_Presolv360\.m2\repository\org\jspecify\jspecify\1.0.0\jspecify-1.0.0.jar;C:\Users\Kiran_Presolv360\.m2\repository\org\seleniumhq\selenium\selenium-chrome-driver\4.35.0\selenium-chrome-driver-4.35.0.jar;C:\Users\Kiran_Presolv360\.m2\repository\org\seleniumhq\selenium\selenium-chromium-driver\4.35.0\selenium-chromium-driver-4.35.0.jar;C:\Users\Kiran_Presolv360\.m2\repository\org\seleniumhq\selenium\selenium-manager\4.35.0\selenium-manager-4.35.0.jar;C:\Users\Kiran_Presolv360\.m2\repository\org\seleniumhq\selenium\selenium-devtools-v137\4.35.0\selenium-devtools-v137-4.35.0.jar;C:\Users\Kiran_Presolv360\.m2\repository\org\seleniumhq\selenium\selenium-devtools-v138\4.35.0\selenium-devtools-v138-4.35.0.jar;C:\Users\Kiran_Presolv360\.m2\repository\org\seleniumhq\selenium\selenium-edge-driver\4.35.0\selenium-edge-driver-4.35.0.jar;C:\Users\Kiran_Presolv360\.m2\repository\org\seleniumhq\selenium\selenium-firefox-driver\4.35.0\selenium-firefox-driver-4.35.0.jar;C:\Users\Kiran_Presolv360\.m2\repository\org\seleniumhq\selenium\selenium-http\4.35.0\selenium-http-4.35.0.jar;C:\Users\Kiran_Presolv360\.m2\repository\org\seleniumhq\selenium\selenium-ie-driver\4.35.0\selenium-ie-driver-4.35.0.jar;C:\Users\Kiran_Presolv360\.m2\repository\org\seleniumhq\selenium\selenium-remote-driver\4.35.0\selenium-remote-driver-4.35.0.jar;C:\Users\Kiran_Presolv360\.m2\repository\com\google\guava\guava\33.4.8-jre\guava-33.4.8-jre.jar;C:\Users\Kiran_Presolv360\.m2\repository\com\google\guava\failureaccess\1.0.3\failureaccess-1.0.3.jar;C:\Users\Kiran_Presolv360\.m2\repository\com\google\guava\listenablefuture\9999.0-empty-to-avoid-conflict-with-guava\listenablefuture-9999.0-empty-to-avoid-conflict-with-guava.jar;C:\Users\Kiran_Presolv360\.m2\repository\com\google\errorprone\error_prone_annotations\2.36.0\error_prone_annotations-2.36.0.jar;C:\Users\Kiran_Presolv360\.m2\repository\com\google\j2objc\j2objc-annotations\3.0.0\j2objc-annotations-3.0.0.jar;C:\Users\Kiran_Presolv360\.m2\repository\io\opentelemetry\opentelemetry-api\1.53.0\opentelemetry-api-1.53.0.jar;C:\Users\Kiran_Presolv360\.m2\repository\io\opentelemetry\opentelemetry-context\1.53.0\opentelemetry-context-1.53.0.jar;C:\Users\Kiran_Presolv360\.m2\repository\io\opentelemetry\opentelemetry-common\1.53.0\opentelemetry-common-1.53.0.jar;C:\Users\Kiran_Presolv360\.m2\repository\io\opentelemetry\opentelemetry-exporter-logging\1.53.0\opentelemetry-exporter-logging-1.53.0.jar;C:\Users\Kiran_Presolv360\.m2\repository\io\opentelemetry\opentelemetry-sdk-common\1.53.0\opentelemetry-sdk-common-1.53.0.jar;C:\Users\Kiran_Presolv360\.m2\repository\io\opentelemetry\opentelemetry-sdk-extension-autoconfigure-spi\1.53.0\opentelemetry-sdk-extension-autoconfigure-spi-1.53.0.jar;C:\Users\Kiran_Presolv360\.m2\repository\io\opentelemetry\opentelemetry-sdk-extension-autoconfigure\1.53.0\opentelemetry-sdk-extension-autoconfigure-1.53.0.jar;C:\Users\Kiran_Presolv360\.m2\repository\io\opentelemetry\opentelemetry-sdk-trace\1.53.0\opentelemetry-sdk-trace-1.53.0.jar;C:\Users\Kiran_Presolv360\.m2\repository\io\opentelemetry\opentelemetry-sdk\1.53.0\opentelemetry-sdk-1.53.0.jar;C:\Users\Kiran_Presolv360\.m2\repository\io\opentelemetry\opentelemetry-sdk-metrics\1.53.0\opentelemetry-sdk-metrics-1.53.0.jar;C:\Users\Kiran_Presolv360\.m2\repository\io\opentelemetry\opentelemetry-sdk-logs\1.53.0\opentelemetry-sdk-logs-1.53.0.jar;C:\Users\Kiran_Presolv360\.m2\repository\net\bytebuddy\byte-buddy\1.17.6\byte-buddy-1.17.6.jar;C:\Users\Kiran_Presolv360\.m2\repository\org\seleniumhq\selenium\selenium-os\4.35.0\selenium-os-4.35.0.jar;C:\Users\Kiran_Presolv360\.m2\repository\org\apache\commons\commons-exec\1.5.0\commons-exec-1.5.0.jar;C:\Users\Kiran_Presolv360\.m2\repository\org\seleniumhq\selenium\selenium-safari-driver\4.35.0\selenium-safari-driver-4.35.0.jar;C:\Users\Kiran_Presolv360\.m2\repository\org\seleniumhq\selenium\selenium-support\4.35.0\selenium-support-4.35.0.jar;C:\Users\Kiran_Presolv360\.m2\repository\org\seleniumhq\selenium\selenium-devtools-v139\4.35.0\selenium-devtools-v139-4.35.0.jar;C:\Users\Kiran_Presolv360\.m2\repository\com\google\auto\service\auto-service-annotations\1.1.1\auto-service-annotations-1.1.1.jar;C:\Users\Kiran_Presolv360\.m2\repository\org\seleniumhq\selenium\selenium-json\4.35.0\selenium-json-4.35.0.jar;C:\Users\Kiran_Presolv360\.m2\repository\io\github\bonigarcia\webdrivermanager\5.7.0\webdrivermanager-5.7.0.jar;C:\Users\Kiran_Presolv360\.m2\repository\com\google\code\gson\gson\2.10.1\gson-2.10.1.jar;C:\Users\Kiran_Presolv360\.m2\repository\com\github\docker-java\docker-java\3.3.5\docker-java-3.3.5.jar;C:\Users\Kiran_Presolv360\.m2\repository\com\github\docker-java\docker-java-core\3.3.5\docker-java-core-3.3.5.jar;C:\Users\Kiran_Presolv360\.m2\repository\com\github\docker-java\docker-java-api\3.3.5\docker-java-api-3.3.5.jar;C:\Users\Kiran_Presolv360\.m2\repository\org\bouncycastle\bcpkix-jdk18on\1.76\bcpkix-jdk18on-1.76.jar;C:\Users\Kiran_Presolv360\.m2\repository\org\bouncycastle\bcprov-jdk18on\1.76\bcprov-jdk18on-1.76.jar;C:\Users\Kiran_Presolv360\.m2\repository\org\bouncycastle\bcutil-jdk18on\1.76\bcutil-jdk18on-1.76.jar;C:\Users\Kiran_Presolv360\.m2\repository\org\slf4j\jcl-over-slf4j\1.7.30\jcl-over-slf4j-1.7.30.jar;C:\Users\Kiran_Presolv360\.m2\repository\com\github\docker-java\docker-java-transport-httpclient5\3.3.5\docker-java-transport-httpclient5-3.3.5.jar;C:\Users\Kiran_Presolv360\.m2\repository\com\github\docker-java\docker-java-transport\3.3.5\docker-java-transport-3.3.5.jar;C:\Users\Kiran_Presolv360\.m2\repository\org\brotli\dec\0.1.2\dec-0.1.2.jar;C:\Users\Kiran_Presolv360\.m2\repository\org\apache\commons\commons-lang3\3.14.0\commons-lang3-3.14.0.jar;C:\Users\Kiran_Presolv360\.m2\repository\org\apache\commons\commons-compress\1.26.0\commons-compress-1.26.0.jar;C:\Users\Kiran_Presolv360\.m2\repository\org\apache\httpcomponents\client5\httpclient5\5.2.1\httpclient5-5.2.1.jar;C:\Users\Kiran_Presolv360\.m2\repository\org\apache\httpcomponents\core5\httpcore5\5.2\httpcore5-5.2.jar;C:\Users\Kiran_Presolv360\.m2\repository\org\apache\httpcomponents\core5\httpcore5-h2\5.2\httpcore5-h2-5.2.jar;C:\Users\Kiran_Presolv360\.m2\repository\org\testng\testng\7.10.1\testng-7.10.1.jar;C:\Users\Kiran_Presolv360\.m2\repository\com\beust\jcommander\1.82\jcommander-1.82.jar;C:\Users\Kiran_Presolv360\.m2\repository\org\webjars\jquery\3.7.1\jquery-3.7.1.jar;C:\Users\Kiran_Presolv360\.m2\repository\org\apache\poi\poi\5.2.2\poi-5.2.2.jar;C:\Users\Kiran_Presolv360\.m2\repository\commons-codec\commons-codec\1.15\commons-codec-1.15.jar;C:\Users\Kiran_Presolv360\.m2\repository\org\apache\commons\commons-collections4\4.4\commons-collections4-4.4.jar;C:\Users\Kiran_Presolv360\.m2\repository\org\apache\commons\commons-math3\3.6.1\commons-math3-3.6.1.jar;C:\Users\Kiran_Presolv360\.m2\repository\com\zaxxer\SparseBitSet\1.2\SparseBitSet-1.2.jar;C:\Users\Kiran_Presolv360\.m2\repository\org\apache\logging\log4j\log4j-api\2.17.2\log4j-api-2.17.2.jar;C:\Users\Kiran_Presolv360\.m2\repository\org\apache\poi\poi-ooxml\5.2.2\poi-ooxml-5.2.2.jar;C:\Users\Kiran_Presolv360\.m2\repository\org\apache\poi\poi-ooxml-lite\5.2.2\poi-ooxml-lite-5.2.2.jar;C:\Users\Kiran_Presolv360\.m2\repository\org\apache\xmlbeans\xmlbeans\5.0.3\xmlbeans-5.0.3.jar;C:\Users\Kiran_Presolv360\.m2\repository\com\github\virtuald\curvesapi\1.07\curvesapi-1.07.jar;C:\Users\Kiran_Presolv360\.m2\repository\commons-io\commons-io\2.11.0\commons-io-2.11.0.jar;C:\Users\Kiran_Presolv360\.m2\repository\com\aventstack\extentreports\3.1.5\extentreports-3.1.5.jar;C:\Users\Kiran_Presolv360\.m2\repository\org\freemarker\freemarker\2.3.23\freemarker-2.3.23.jar;C:\Users\Kiran_Presolv360\.m2\repository\org\mongodb\mongodb-driver\3.3.0\mongodb-driver-3.3.0.jar;C:\Users\Kiran_Presolv360\.m2\repository\org\mongodb\bson\3.3.0\bson-3.3.0.jar;C:\Users\Kiran_Presolv360\.m2\repository\org\mongodb\mongodb-driver-core\3.3.0\mongodb-driver-core-3.3.0.jar;C:\Users\Kiran_Presolv360\.m2\repository\org\apache\httpcomponents\httpclient\4.5.2\httpclient-4.5.2.jar;C:\Users\Kiran_Presolv360\.m2\repository\org\apache\httpcomponents\httpcore\4.4.4\httpcore-4.4.4.jar;C:\Users\Kiran_Presolv360\.m2\repository\commons-logging\commons-logging\1.2\commons-logging-1.2.jar;C:\Users\Kiran_Presolv360\.m2\repository\org\apache\httpcomponents\httpmime\4.5.2\httpmime-4.5.2.jar;C:\Users\Kiran_Presolv360\.m2\repository\org\jsoup\jsoup\1.9.2\jsoup-1.9.2.jar;C:\Users\Kiran_Presolv360\.m2\repository\net\sourceforge\tess4j\tess4j\4.5.5\tess4j-4.5.5.jar;C:\Users\Kiran_Presolv360\.m2\repository\net\java\dev\jna\jna\5.8.0\jna-5.8.0.jar;C:\Users\Kiran_Presolv360\.m2\repository\com\github\jai-imageio\jai-imageio-core\1.4.0\jai-imageio-core-1.4.0.jar;C:\Users\Kiran_Presolv360\.m2\repository\org\ghost4j\ghost4j\1.0.1\ghost4j-1.0.1.jar;C:\Users\Kiran_Presolv360\.m2\repository\log4j\log4j\1.2.17\log4j-1.2.17.jar;C:\Users\Kiran_Presolv360\.m2\repository\org\apache\xmlgraphics\xmlgraphics-commons\1.4\xmlgraphics-commons-1.4.jar;C:\Users\Kiran_Presolv360\.m2\repository\com\lowagie\itext\2.1.7\itext-2.1.7.jar;C:\Users\Kiran_Presolv360\.m2\repository\org\apache\pdfbox\pdfbox\2.0.24\pdfbox-2.0.24.jar;C:\Users\Kiran_Presolv360\.m2\repository\org\apache\pdfbox\fontbox\2.0.24\fontbox-2.0.24.jar;C:\Users\Kiran_Presolv360\.m2\repository\org\apache\pdfbox\pdfbox-tools\2.0.24\pdfbox-tools-2.0.24.jar;C:\Users\Kiran_Presolv360\.m2\repository\org\apache\pdfbox\pdfbox-debugger\2.0.24\pdfbox-debugger-2.0.24.jar;C:\Users\Kiran_Presolv360\.m2\repository\org\apache\pdfbox\jbig2-imageio\3.0.3\jbig2-imageio-3.0.3.jar;C:\Users\Kiran_Presolv360\.m2\repository\net\sourceforge\lept4j\lept4j\1.13.3\lept4j-1.13.3.jar;C:\Users\Kiran_Presolv360\.m2\repository\org\jboss\jboss-vfs\3.2.15.Final\jboss-vfs-3.2.15.Final.jar;C:\Users\Kiran_Presolv360\.m2\repository\org\jboss\logging\jboss-logging\3.1.4.GA\jboss-logging-3.1.4.GA.jar;C:\Users\Kiran_Presolv360\.m2\repository\org\slf4j\slf4j-api\1.7.25\slf4j-api-1.7.25.jar;C:\Users\Kiran_Presolv360\.m2\repository\org\slf4j\slf4j-simple\1.7.21\slf4j-simple-1.7.21.jar;C:\Users\Kiran_Presolv360\.m2\repository\com\github\sdrss\reportng\2.7.0\reportng-2.7.0.jar;C:\Users\Kiran_Presolv360\.m2\repository\velocity\velocity\1.5\velocity-1.5.jar;C:\Users\Kiran_Presolv360\.m2\repository\commons-collections\commons-collections\3.1\commons-collections-3.1.jar;C:\Users\Kiran_Presolv360\.m2\repository\commons-lang\commons-lang\2.1\commons-lang-2.1.jar;C:\Users\Kiran_Presolv360\.m2\repository\oro\oro\2.0.8\oro-2.0.8.jar;C:\Users\Kiran_Presolv360\.m2\repository\com\fasterxml\jackson\core\jackson-core\2.10.1\jackson-core-2.10.1.jar;C:\Users\Kiran_Presolv360\.m2\repository\com\fasterxml\jackson\core\jackson-databind\2.12.7.1\jackson-databind-2.12.7.1.jar;C:\Users\Kiran_Presolv360\.m2\repository\com\fasterxml\jackson\core\jackson-annotations\2.10.1\jackson-annotations-2.10.1.jar;C:\Users\Kiran_Presolv360\.m2\repository\com\google\inject\guice\4.2.2\guice-4.2.2.jar;C:\Users\Kiran_Presolv360\.m2\repository\javax\inject\javax.inject\1\javax.inject-1.jar;C:\Users\Kiran_Presolv360\.m2\repository\aopalliance\aopalliance\1.0\aopalliance-1.0.jar;C:\Users\Kiran_Presolv360\.m2\repository\io\rest-assured\rest-assured\4.4.0\rest-assured-4.4.0.jar;C:\Users\Kiran_Presolv360\.m2\repository\org\codehaus\groovy\groovy\3.0.8\groovy-3.0.8.jar;C:\Users\Kiran_Presolv360\.m2\repository\org\codehaus\groovy\groovy-xml\3.0.8\groovy-xml-3.0.8.jar;C:\Users\Kiran_Presolv360\.m2\repository\org\hamcrest\hamcrest\2.1\hamcrest-2.1.jar;C:\Users\Kiran_Presolv360\.m2\repository\org\ccil\cowan\tagsoup\tagsoup\1.2.1\tagsoup-1.2.1.jar;C:\Users\Kiran_Presolv360\.m2\repository\io\rest-assured\json-path\4.4.0\json-path-4.4.0.jar;C:\Users\Kiran_Presolv360\.m2\repository\org\codehaus\groovy\groovy-json\3.0.8\groovy-json-3.0.8.jar;C:\Users\Kiran_Presolv360\.m2\repository\io\rest-assured\rest-assured-common\4.4.0\rest-assured-common-4.4.0.jar;C:\Users\Kiran_Presolv360\.m2\repository\io\rest-assured\xml-path\4.4.0\xml-path-4.4.0.jar;C:\Users\Kiran_Presolv360\.m2\repository\jakarta\xml\bind\jakarta.xml.bind-api\2.3.3\jakarta.xml.bind-api-2.3.3.jar;C:\Users\Kiran_Presolv360\.m2\repository\jakarta\activation\jakarta.activation-api\1.2.2\jakarta.activation-api-1.2.2.jar;C:\Users\Kiran_Presolv360\.m2\repository\com\sun\xml\bind\jaxb-impl\2.3.3\jaxb-impl-2.3.3.jar;C:\Users\Kiran_Presolv360\.m2\repository\io\cucumber\cucumber-java\7.14.0\cucumber-java-7.14.0.jar;C:\Users\Kiran_Presolv360\.m2\repository\org\apiguardian\apiguardian-api\1.1.2\apiguardian-api-1.1.2.jar;C:\Users\Kiran_Presolv360\.m2\repository\io\cucumber\cucumber-testng\7.14.0\cucumber-testng-7.14.0.jar;C:\Users\Kiran_Presolv360\.m2\repository\io\cucumber\cucumber-core\7.23.0\cucumber-core-7.23.0.jar;C:\Users\Kiran_Presolv360\.m2\repository\io\cucumber\cucumber-gherkin\7.23.0\cucumber-gherkin-7.23.0.jar;C:\Users\Kiran_Presolv360\.m2\repository\io\cucumber\cucumber-gherkin-messages\7.23.0\cucumber-gherkin-messages-7.23.0.jar;C:\Users\Kiran_Presolv360\.m2\repository\io\cucumber\gherkin\32.1.1\gherkin-32.1.1.jar;C:\Users\Kiran_Presolv360\.m2\repository\io\cucumber\messages\27.2.0\messages-27.2.0.jar;C:\Users\Kiran_Presolv360\.m2\repository\io\cucumber\testng-xml-formatter\0.3.1\testng-xml-formatter-0.3.1.jar;C:\Users\Kiran_Presolv360\.m2\repository\io\cucumber\query\13.6.0\query-13.6.0.jar;C:\Users\Kiran_Presolv360\.m2\repository\io\cucumber\tag-expressions\6.1.2\tag-expressions-6.1.2.jar;C:\Users\Kiran_Presolv360\.m2\repository\io\cucumber\cucumber-expressions\18.0.1\cucumber-expressions-18.0.1.jar;C:\Users\Kiran_Presolv360\.m2\repository\io\cucumber\datatable\7.23.0\datatable-7.23.0.jar;C:\Users\Kiran_Presolv360\.m2\repository\io\cucumber\cucumber-plugin\7.23.0\cucumber-plugin-7.23.0.jar;C:\Users\Kiran_Presolv360\.m2\repository\io\cucumber\docstring\7.23.0\docstring-7.23.0.jar;C:\Users\Kiran_Presolv360\.m2\repository\io\cucumber\html-formatter\21.10.1\html-formatter-21.10.1.jar;C:\Users\Kiran_Presolv360\.m2\repository\io\cucumber\junit-xml-formatter\0.7.1\junit-xml-formatter-0.7.1.jar;C:\Users\Kiran_Presolv360\.m2\repository\io\cucumber\ci-environment\10.0.1\ci-environment-10.0.1.jar;C:\Users\Kiran_Presolv360\.m2\repository\io\cucumber\cucumber-picocontainer\7.23.0\cucumber-picocontainer-7.23.0.jar;C:\Users\Kiran_Presolv360\.m2\repository\org\picocontainer\picocontainer\2.15.2\picocontainer-2.15.2.jar;C:\Users\Kiran_Presolv360\.m2\repository\com\opencsv\opencsv\5.7.1\opencsv-5.7.1.jar;C:\Users\Kiran_Presolv360\.m2\repository\org\apache\commons\commons-text\1.10.0\commons-text-1.10.0.jar;C:\Users\Kiran_Presolv360\.m2\repository\commons-beanutils\commons-beanutils\1.9.4\commons-beanutils-1.9.4.jar;"/>
    <property name="java.vm.vendor" value="Oracle Corporation"/>
    <property name="sun.arch.data.model" value="64"/>
    <property name="user.variant" value=""/>
    <property name="java.vendor.url" value="https://java.oracle.com/"/>
    <property name="user.timezone" value="Asia/Calcutta"/>
    <property name="os.name" value="Windows 11"/>
    <property name="java.vm.specification.version" value="17"/>
    <property name="sun.java.launcher" value="SUN_STANDARD"/>
    <property name="user.country" value="IN"/>
    <property name="sun.boot.library.path" value="C:\Program Files\Java\jdk-17\bin"/>
    <property name="sun.java.command" value="C:\Users\Kiran_Presolv360\AppData\Local\Temp\surefire3319825244685590149\surefirebooter-20251010131021833_3.jar C:\Users\Kiran_Presolv360\AppData\Local\Temp\surefire3319825244685590149 2025-10-10T13-10-21_710-jvmRun1 surefire-20251010131021833_1tmp surefire_0-20251010131021833_2tmp"/>
    <property name="jdk.debug" value="release"/>
    <property name="test" value="runners.TestRunner"/>
    <property name="surefire.test.class.path" value="C:\Presolv_Project\NewIncase360updated\Incase360\target\test-classes;C:\Presolv_Project\NewIncase360updated\Incase360\target\classes;C:\Users\Kiran_Presolv360\.m2\repository\org\seleniumhq\selenium\selenium-java\4.35.0\selenium-java-4.35.0.jar;C:\Users\Kiran_Presolv360\.m2\repository\org\seleniumhq\selenium\selenium-api\4.35.0\selenium-api-4.35.0.jar;C:\Users\Kiran_Presolv360\.m2\repository\org\jspecify\jspecify\1.0.0\jspecify-1.0.0.jar;C:\Users\Kiran_Presolv360\.m2\repository\org\seleniumhq\selenium\selenium-chrome-driver\4.35.0\selenium-chrome-driver-4.35.0.jar;C:\Users\Kiran_Presolv360\.m2\repository\org\seleniumhq\selenium\selenium-chromium-driver\4.35.0\selenium-chromium-driver-4.35.0.jar;C:\Users\Kiran_Presolv360\.m2\repository\org\seleniumhq\selenium\selenium-manager\4.35.0\selenium-manager-4.35.0.jar;C:\Users\Kiran_Presolv360\.m2\repository\org\seleniumhq\selenium\selenium-devtools-v137\4.35.0\selenium-devtools-v137-4.35.0.jar;C:\Users\Kiran_Presolv360\.m2\repository\org\seleniumhq\selenium\selenium-devtools-v138\4.35.0\selenium-devtools-v138-4.35.0.jar;C:\Users\Kiran_Presolv360\.m2\repository\org\seleniumhq\selenium\selenium-edge-driver\4.35.0\selenium-edge-driver-4.35.0.jar;C:\Users\Kiran_Presolv360\.m2\repository\org\seleniumhq\selenium\selenium-firefox-driver\4.35.0\selenium-firefox-driver-4.35.0.jar;C:\Users\Kiran_Presolv360\.m2\repository\org\seleniumhq\selenium\selenium-http\4.35.0\selenium-http-4.35.0.jar;C:\Users\Kiran_Presolv360\.m2\repository\org\seleniumhq\selenium\selenium-ie-driver\4.35.0\selenium-ie-driver-4.35.0.jar;C:\Users\Kiran_Presolv360\.m2\repository\org\seleniumhq\selenium\selenium-remote-driver\4.35.0\selenium-remote-driver-4.35.0.jar;C:\Users\Kiran_Presolv360\.m2\repository\com\google\guava\guava\33.4.8-jre\guava-33.4.8-jre.jar;C:\Users\Kiran_Presolv360\.m2\repository\com\google\guava\failureaccess\1.0.3\failureaccess-1.0.3.jar;C:\Users\Kiran_Presolv360\.m2\repository\com\google\guava\listenablefuture\9999.0-empty-to-avoid-conflict-with-guava\listenablefuture-9999.0-empty-to-avoid-conflict-with-guava.jar;C:\Users\Kiran_Presolv360\.m2\repository\com\google\errorprone\error_prone_annotations\2.36.0\error_prone_annotations-2.36.0.jar;C:\Users\Kiran_Presolv360\.m2\repository\com\google\j2objc\j2objc-annotations\3.0.0\j2objc-annotations-3.0.0.jar;C:\Users\Kiran_Presolv360\.m2\repository\io\opentelemetry\opentelemetry-api\1.53.0\opentelemetry-api-1.53.0.jar;C:\Users\Kiran_Presolv360\.m2\repository\io\opentelemetry\opentelemetry-context\1.53.0\opentelemetry-context-1.53.0.jar;C:\Users\Kiran_Presolv360\.m2\repository\io\opentelemetry\opentelemetry-common\1.53.0\opentelemetry-common-1.53.0.jar;C:\Users\Kiran_Presolv360\.m2\repository\io\opentelemetry\opentelemetry-exporter-logging\1.53.0\opentelemetry-exporter-logging-1.53.0.jar;C:\Users\Kiran_Presolv360\.m2\repository\io\opentelemetry\opentelemetry-sdk-common\1.53.0\opentelemetry-sdk-common-1.53.0.jar;C:\Users\Kiran_Presolv360\.m2\repository\io\opentelemetry\opentelemetry-sdk-extension-autoconfigure-spi\1.53.0\opentelemetry-sdk-extension-autoconfigure-spi-1.53.0.jar;C:\Users\Kiran_Presolv360\.m2\repository\io\opentelemetry\opentelemetry-sdk-extension-autoconfigure\1.53.0\opentelemetry-sdk-extension-autoconfigure-1.53.0.jar;C:\Users\Kiran_Presolv360\.m2\repository\io\opentelemetry\opentelemetry-sdk-trace\1.53.0\opentelemetry-sdk-trace-1.53.0.jar;C:\Users\Kiran_Presolv360\.m2\repository\io\opentelemetry\opentelemetry-sdk\1.53.0\opentelemetry-sdk-1.53.0.jar;C:\Users\Kiran_Presolv360\.m2\repository\io\opentelemetry\opentelemetry-sdk-metrics\1.53.0\opentelemetry-sdk-metrics-1.53.0.jar;C:\Users\Kiran_Presolv360\.m2\repository\io\opentelemetry\opentelemetry-sdk-logs\1.53.0\opentelemetry-sdk-logs-1.53.0.jar;C:\Users\Kiran_Presolv360\.m2\repository\net\bytebuddy\byte-buddy\1.17.6\byte-buddy-1.17.6.jar;C:\Users\Kiran_Presolv360\.m2\repository\org\seleniumhq\selenium\selenium-os\4.35.0\selenium-os-4.35.0.jar;C:\Users\Kiran_Presolv360\.m2\repository\org\apache\commons\commons-exec\1.5.0\commons-exec-1.5.0.jar;C:\Users\Kiran_Presolv360\.m2\repository\org\seleniumhq\selenium\selenium-safari-driver\4.35.0\selenium-safari-driver-4.35.0.jar;C:\Users\Kiran_Presolv360\.m2\repository\org\seleniumhq\selenium\selenium-support\4.35.0\selenium-support-4.35.0.jar;C:\Users\Kiran_Presolv360\.m2\repository\org\seleniumhq\selenium\selenium-devtools-v139\4.35.0\selenium-devtools-v139-4.35.0.jar;C:\Users\Kiran_Presolv360\.m2\repository\com\google\auto\service\auto-service-annotations\1.1.1\auto-service-annotations-1.1.1.jar;C:\Users\Kiran_Presolv360\.m2\repository\org\seleniumhq\selenium\selenium-json\4.35.0\selenium-json-4.35.0.jar;C:\Users\Kiran_Presolv360\.m2\repository\io\github\bonigarcia\webdrivermanager\5.7.0\webdrivermanager-5.7.0.jar;C:\Users\Kiran_Presolv360\.m2\repository\com\google\code\gson\gson\2.10.1\gson-2.10.1.jar;C:\Users\Kiran_Presolv360\.m2\repository\com\github\docker-java\docker-java\3.3.5\docker-java-3.3.5.jar;C:\Users\Kiran_Presolv360\.m2\repository\com\github\docker-java\docker-java-core\3.3.5\docker-java-core-3.3.5.jar;C:\Users\Kiran_Presolv360\.m2\repository\com\github\docker-java\docker-java-api\3.3.5\docker-java-api-3.3.5.jar;C:\Users\Kiran_Presolv360\.m2\repository\org\bouncycastle\bcpkix-jdk18on\1.76\bcpkix-jdk18on-1.76.jar;C:\Users\Kiran_Presolv360\.m2\repository\org\bouncycastle\bcprov-jdk18on\1.76\bcprov-jdk18on-1.76.jar;C:\Users\Kiran_Presolv360\.m2\repository\org\bouncycastle\bcutil-jdk18on\1.76\bcutil-jdk18on-1.76.jar;C:\Users\Kiran_Presolv360\.m2\repository\org\slf4j\jcl-over-slf4j\1.7.30\jcl-over-slf4j-1.7.30.jar;C:\Users\Kiran_Presolv360\.m2\repository\com\github\docker-java\docker-java-transport-httpclient5\3.3.5\docker-java-transport-httpclient5-3.3.5.jar;C:\Users\Kiran_Presolv360\.m2\repository\com\github\docker-java\docker-java-transport\3.3.5\docker-java-transport-3.3.5.jar;C:\Users\Kiran_Presolv360\.m2\repository\org\brotli\dec\0.1.2\dec-0.1.2.jar;C:\Users\Kiran_Presolv360\.m2\repository\org\apache\commons\commons-lang3\3.14.0\commons-lang3-3.14.0.jar;C:\Users\Kiran_Presolv360\.m2\repository\org\apache\commons\commons-compress\1.26.0\commons-compress-1.26.0.jar;C:\Users\Kiran_Presolv360\.m2\repository\org\apache\httpcomponents\client5\httpclient5\5.2.1\httpclient5-5.2.1.jar;C:\Users\Kiran_Presolv360\.m2\repository\org\apache\httpcomponents\core5\httpcore5\5.2\httpcore5-5.2.jar;C:\Users\Kiran_Presolv360\.m2\repository\org\apache\httpcomponents\core5\httpcore5-h2\5.2\httpcore5-h2-5.2.jar;C:\Users\Kiran_Presolv360\.m2\repository\org\testng\testng\7.10.1\testng-7.10.1.jar;C:\Users\Kiran_Presolv360\.m2\repository\com\beust\jcommander\1.82\jcommander-1.82.jar;C:\Users\Kiran_Presolv360\.m2\repository\org\webjars\jquery\3.7.1\jquery-3.7.1.jar;C:\Users\Kiran_Presolv360\.m2\repository\org\apache\poi\poi\5.2.2\poi-5.2.2.jar;C:\Users\Kiran_Presolv360\.m2\repository\commons-codec\commons-codec\1.15\commons-codec-1.15.jar;C:\Users\Kiran_Presolv360\.m2\repository\org\apache\commons\commons-collections4\4.4\commons-collections4-4.4.jar;C:\Users\Kiran_Presolv360\.m2\repository\org\apache\commons\commons-math3\3.6.1\commons-math3-3.6.1.jar;C:\Users\Kiran_Presolv360\.m2\repository\com\zaxxer\SparseBitSet\1.2\SparseBitSet-1.2.jar;C:\Users\Kiran_Presolv360\.m2\repository\org\apache\logging\log4j\log4j-api\2.17.2\log4j-api-2.17.2.jar;C:\Users\Kiran_Presolv360\.m2\repository\org\apache\poi\poi-ooxml\5.2.2\poi-ooxml-5.2.2.jar;C:\Users\Kiran_Presolv360\.m2\repository\org\apache\poi\poi-ooxml-lite\5.2.2\poi-ooxml-lite-5.2.2.jar;C:\Users\Kiran_Presolv360\.m2\repository\org\apache\xmlbeans\xmlbeans\5.0.3\xmlbeans-5.0.3.jar;C:\Users\Kiran_Presolv360\.m2\repository\com\github\virtuald\curvesapi\1.07\curvesapi-1.07.jar;C:\Users\Kiran_Presolv360\.m2\repository\commons-io\commons-io\2.11.0\commons-io-2.11.0.jar;C:\Users\Kiran_Presolv360\.m2\repository\com\aventstack\extentreports\3.1.5\extentreports-3.1.5.jar;C:\Users\Kiran_Presolv360\.m2\repository\org\freemarker\freemarker\2.3.23\freemarker-2.3.23.jar;C:\Users\Kiran_Presolv360\.m2\repository\org\mongodb\mongodb-driver\3.3.0\mongodb-driver-3.3.0.jar;C:\Users\Kiran_Presolv360\.m2\repository\org\mongodb\bson\3.3.0\bson-3.3.0.jar;C:\Users\Kiran_Presolv360\.m2\repository\org\mongodb\mongodb-driver-core\3.3.0\mongodb-driver-core-3.3.0.jar;C:\Users\Kiran_Presolv360\.m2\repository\org\apache\httpcomponents\httpclient\4.5.2\httpclient-4.5.2.jar;C:\Users\Kiran_Presolv360\.m2\repository\org\apache\httpcomponents\httpcore\4.4.4\httpcore-4.4.4.jar;C:\Users\Kiran_Presolv360\.m2\repository\commons-logging\commons-logging\1.2\commons-logging-1.2.jar;C:\Users\Kiran_Presolv360\.m2\repository\org\apache\httpcomponents\httpmime\4.5.2\httpmime-4.5.2.jar;C:\Users\Kiran_Presolv360\.m2\repository\org\jsoup\jsoup\1.9.2\jsoup-1.9.2.jar;C:\Users\Kiran_Presolv360\.m2\repository\net\sourceforge\tess4j\tess4j\4.5.5\tess4j-4.5.5.jar;C:\Users\Kiran_Presolv360\.m2\repository\net\java\dev\jna\jna\5.8.0\jna-5.8.0.jar;C:\Users\Kiran_Presolv360\.m2\repository\com\github\jai-imageio\jai-imageio-core\1.4.0\jai-imageio-core-1.4.0.jar;C:\Users\Kiran_Presolv360\.m2\repository\org\ghost4j\ghost4j\1.0.1\ghost4j-1.0.1.jar;C:\Users\Kiran_Presolv360\.m2\repository\log4j\log4j\1.2.17\log4j-1.2.17.jar;C:\Users\Kiran_Presolv360\.m2\repository\org\apache\xmlgraphics\xmlgraphics-commons\1.4\xmlgraphics-commons-1.4.jar;C:\Users\Kiran_Presolv360\.m2\repository\com\lowagie\itext\2.1.7\itext-2.1.7.jar;C:\Users\Kiran_Presolv360\.m2\repository\org\apache\pdfbox\pdfbox\2.0.24\pdfbox-2.0.24.jar;C:\Users\Kiran_Presolv360\.m2\repository\org\apache\pdfbox\fontbox\2.0.24\fontbox-2.0.24.jar;C:\Users\Kiran_Presolv360\.m2\repository\org\apache\pdfbox\pdfbox-tools\2.0.24\pdfbox-tools-2.0.24.jar;C:\Users\Kiran_Presolv360\.m2\repository\org\apache\pdfbox\pdfbox-debugger\2.0.24\pdfbox-debugger-2.0.24.jar;C:\Users\Kiran_Presolv360\.m2\repository\org\apache\pdfbox\jbig2-imageio\3.0.3\jbig2-imageio-3.0.3.jar;C:\Users\Kiran_Presolv360\.m2\repository\net\sourceforge\lept4j\lept4j\1.13.3\lept4j-1.13.3.jar;C:\Users\Kiran_Presolv360\.m2\repository\org\jboss\jboss-vfs\3.2.15.Final\jboss-vfs-3.2.15.Final.jar;C:\Users\Kiran_Presolv360\.m2\repository\org\jboss\logging\jboss-logging\3.1.4.GA\jboss-logging-3.1.4.GA.jar;C:\Users\Kiran_Presolv360\.m2\repository\org\slf4j\slf4j-api\1.7.25\slf4j-api-1.7.25.jar;C:\Users\Kiran_Presolv360\.m2\repository\org\slf4j\slf4j-simple\1.7.21\slf4j-simple-1.7.21.jar;C:\Users\Kiran_Presolv360\.m2\repository\com\github\sdrss\reportng\2.7.0\reportng-2.7.0.jar;C:\Users\Kiran_Presolv360\.m2\repository\velocity\velocity\1.5\velocity-1.5.jar;C:\Users\Kiran_Presolv360\.m2\repository\commons-collections\commons-collections\3.1\commons-collections-3.1.jar;C:\Users\Kiran_Presolv360\.m2\repository\commons-lang\commons-lang\2.1\commons-lang-2.1.jar;C:\Users\Kiran_Presolv360\.m2\repository\oro\oro\2.0.8\oro-2.0.8.jar;C:\Users\Kiran_Presolv360\.m2\repository\com\fasterxml\jackson\core\jackson-core\2.10.1\jackson-core-2.10.1.jar;C:\Users\Kiran_Presolv360\.m2\repository\com\fasterxml\jackson\core\jackson-databind\2.12.7.1\jackson-databind-2.12.7.1.jar;C:\Users\Kiran_Presolv360\.m2\repository\com\fasterxml\jackson\core\jackson-annotations\2.10.1\jackson-annotations-2.10.1.jar;C:\Users\Kiran_Presolv360\.m2\repository\com\google\inject\guice\4.2.2\guice-4.2.2.jar;C:\Users\Kiran_Presolv360\.m2\repository\javax\inject\javax.inject\1\javax.inject-1.jar;C:\Users\Kiran_Presolv360\.m2\repository\aopalliance\aopalliance\1.0\aopalliance-1.0.jar;C:\Users\Kiran_Presolv360\.m2\repository\io\rest-assured\rest-assured\4.4.0\rest-assured-4.4.0.jar;C:\Users\Kiran_Presolv360\.m2\repository\org\codehaus\groovy\groovy\3.0.8\groovy-3.0.8.jar;C:\Users\Kiran_Presolv360\.m2\repository\org\codehaus\groovy\groovy-xml\3.0.8\groovy-xml-3.0.8.jar;C:\Users\Kiran_Presolv360\.m2\repository\org\hamcrest\hamcrest\2.1\hamcrest-2.1.jar;C:\Users\Kiran_Presolv360\.m2\repository\org\ccil\cowan\tagsoup\tagsoup\1.2.1\tagsoup-1.2.1.jar;C:\Users\Kiran_Presolv360\.m2\repository\io\rest-assured\json-path\4.4.0\json-path-4.4.0.jar;C:\Users\Kiran_Presolv360\.m2\repository\org\codehaus\groovy\groovy-json\3.0.8\groovy-json-3.0.8.jar;C:\Users\Kiran_Presolv360\.m2\repository\io\rest-assured\rest-assured-common\4.4.0\rest-assured-common-4.4.0.jar;C:\Users\Kiran_Presolv360\.m2\repository\io\rest-assured\xml-path\4.4.0\xml-path-4.4.0.jar;C:\Users\Kiran_Presolv360\.m2\repository\jakarta\xml\bind\jakarta.xml.bind-api\2.3.3\jakarta.xml.bind-api-2.3.3.jar;C:\Users\Kiran_Presolv360\.m2\repository\jakarta\activation\jakarta.activation-api\1.2.2\jakarta.activation-api-1.2.2.jar;C:\Users\Kiran_Presolv360\.m2\repository\com\sun\xml\bind\jaxb-impl\2.3.3\jaxb-impl-2.3.3.jar;C:\Users\Kiran_Presolv360\.m2\repository\io\cucumber\cucumber-java\7.14.0\cucumber-java-7.14.0.jar;C:\Users\Kiran_Presolv360\.m2\repository\org\apiguardian\apiguardian-api\1.1.2\apiguardian-api-1.1.2.jar;C:\Users\Kiran_Presolv360\.m2\repository\io\cucumber\cucumber-testng\7.14.0\cucumber-testng-7.14.0.jar;C:\Users\Kiran_Presolv360\.m2\repository\io\cucumber\cucumber-core\7.23.0\cucumber-core-7.23.0.jar;C:\Users\Kiran_Presolv360\.m2\repository\io\cucumber\cucumber-gherkin\7.23.0\cucumber-gherkin-7.23.0.jar;C:\Users\Kiran_Presolv360\.m2\repository\io\cucumber\cucumber-gherkin-messages\7.23.0\cucumber-gherkin-messages-7.23.0.jar;C:\Users\Kiran_Presolv360\.m2\repository\io\cucumber\gherkin\32.1.1\gherkin-32.1.1.jar;C:\Users\Kiran_Presolv360\.m2\repository\io\cucumber\messages\27.2.0\messages-27.2.0.jar;C:\Users\Kiran_Presolv360\.m2\repository\io\cucumber\testng-xml-formatter\0.3.1\testng-xml-formatter-0.3.1.jar;C:\Users\Kiran_Presolv360\.m2\repository\io\cucumber\query\13.6.0\query-13.6.0.jar;C:\Users\Kiran_Presolv360\.m2\repository\io\cucumber\tag-expressions\6.1.2\tag-expressions-6.1.2.jar;C:\Users\Kiran_Presolv360\.m2\repository\io\cucumber\cucumber-expressions\18.0.1\cucumber-expressions-18.0.1.jar;C:\Users\Kiran_Presolv360\.m2\repository\io\cucumber\datatable\7.23.0\datatable-7.23.0.jar;C:\Users\Kiran_Presolv360\.m2\repository\io\cucumber\cucumber-plugin\7.23.0\cucumber-plugin-7.23.0.jar;C:\Users\Kiran_Presolv360\.m2\repository\io\cucumber\docstring\7.23.0\docstring-7.23.0.jar;C:\Users\Kiran_Presolv360\.m2\repository\io\cucumber\html-formatter\21.10.1\html-formatter-21.10.1.jar;C:\Users\Kiran_Presolv360\.m2\repository\io\cucumber\junit-xml-formatter\0.7.1\junit-xml-formatter-0.7.1.jar;C:\Users\Kiran_Presolv360\.m2\repository\io\cucumber\ci-environment\10.0.1\ci-environment-10.0.1.jar;C:\Users\Kiran_Presolv360\.m2\repository\io\cucumber\cucumber-picocontainer\7.23.0\cucumber-picocontainer-7.23.0.jar;C:\Users\Kiran_Presolv360\.m2\repository\org\picocontainer\picocontainer\2.15.2\picocontainer-2.15.2.jar;C:\Users\Kiran_Presolv360\.m2\repository\com\opencsv\opencsv\5.7.1\opencsv-5.7.1.jar;C:\Users\Kiran_Presolv360\.m2\repository\org\apache\commons\commons-text\1.10.0\commons-text-1.10.0.jar;C:\Users\Kiran_Presolv360\.m2\repository\commons-beanutils\commons-beanutils\1.9.4\commons-beanutils-1.9.4.jar;"/>
    <property name="sun.cpu.endian" value="little"/>
    <property name="user.home" value="C:\Users\Kiran_Presolv360"/>
    <property name="user.language" value="en"/>
    <property name="java.specification.vendor" value="Oracle Corporation"/>
    <property name="java.version.date" value="2023-04-18"/>
    <property name="java.home" value="C:\Program Files\Java\jdk-17"/>
    <property name="file.separator" value="\"/>
    <property name="basedir" value="C:\Presolv_Project\NewIncase360updated\Incase360"/>
    <property name="java.vm.compressedOopsMode" value="Zero based"/>
    <property name="line.separator" value="&#10;"/>
    <property name="java.vm.specification.vendor" value="Oracle Corporation"/>
    <property name="java.specification.name" value="Java Platform API Specification"/>
    <property name="surefire.real.class.path" value="C:\Users\Kiran_Presolv360\AppData\Local\Temp\surefire3319825244685590149\surefirebooter-20251010131021833_3.jar"/>
    <property name="user.script" value=""/>
    <property name="sun.management.compiler" value="HotSpot 64-Bit Tiered Compilers"/>
    <property name="java.runtime.version" value="17.0.7+8-LTS-224"/>
    <property name="user.name" value="Kiran_Presolv360"/>
    <property name="path.separator" value=";"/>
    <property name="os.version" value="10.0"/>
    <property name="java.runtime.name" value="Java(TM) SE Runtime Environment"/>
    <property name="file.encoding" value="Cp1252"/>
    <property name="java.vm.name" value="Java HotSpot(TM) 64-Bit Server VM"/>
    <property name="localRepository" value="C:\Users\Kiran_Presolv360\.m2\repository"/>
    <property name="java.vendor.url.bug" value="https://bugreport.java.com/bugreport/"/>
    <property name="java.io.tmpdir" value="C:\Users\KIRAN_~1\AppData\Local\Temp\"/>
    <property name="java.version" value="17.0.7"/>
    <property name="user.dir" value="C:\Presolv_Project\NewIncase360updated\Incase360"/>
    <property name="os.arch" value="amd64"/>
    <property name="java.vm.specification.name" value="Java Virtual Machine Specification"/>
    <property name="sun.os.patch.level" value=""/>
    <property name="native.encoding" value="Cp1252"/>
    <property name="java.library.path" value="C:\Program Files\Java\jdk-17\bin;C:\WINDOWS\Sun\Java\bin;C:\WINDOWS\system32;C:\WINDOWS;C:\Program Files\nodejs\;C:\ProgramData\chocolatey\bin;C:\Program Files (x86)\Git\cmd;C:\Users\Kiran_Presolv360\AppData\Local\Programs\Python\Python313\Scripts\;C:\Users\Kiran_Presolv360\AppData\Local\Programs\Python\Python313\;C:\Users\Kiran_Presolv360\AppData\Local\Programs\Python\Launcher\;C:\Program Files\apache-maven-3.9.11\bin;C:\Users\Kiran_Presolv360\AppData\Local\Programs\Git\cmd;C:\Users\Kiran_Presolv360\AppData\Local\Programs\Microsoft VS Code\bin;C:\Program Files\JetBrains\IntelliJ IDEA 2024.1\bin;;C:\Program Files\JetBrains\IntelliJ IDEA Community Edition 2024.1\bin;;C:\Users\Kiran_Presolv360\AppData\Local\Microsoft\WindowsApps;C:\Program Files\Java\jdk-17\bin;C:\Users\Kiran_Presolv360\AppData\Roaming\npm;D:\cursor\resources\app\bin;."/>
    <property name="java.vm.info" value="mixed mode, sharing"/>
    <property name="java.vendor" value="Oracle Corporation"/>
    <property name="java.vm.version" value="17.0.7+8-LTS-224"/>
    <property name="sun.io.unicode.encoding" value="UnicodeLittle"/>
    <property name="java.class.version" value="61.0"/>
  </properties>
  <testcase name="runScenario[&quot;Verify that admin can create an auto download successfully&quot;, &quot;Auto Download With Tracking (Express Version)&quot;](1)" classname="runners.TestRunner" time="177.801">
    <system-out><![CDATA[
@AutoDownloadWithTrackingExpress
Scenario: Verify that admin can create an auto download successfully # src/test/resources/features/Autodownload_with_tracking.feature:29
  Given the admin is logged into the system                          # stepdefinitions.Autodownload_with_tracking_express.admin_is_logged_into_the_system()
  When the admin navigates to the autodownload page                  # stepdefinitions.Autodownload_with_tracking_express.admin_navigates_to_the_autodownload_page()
  And selects user "vipul"                                           # stepdefinitions.Autodownload_with_tracking_express.selects_user(java.lang.String)
  And selects template "multiple_coborrower_standard"                # stepdefinitions.Autodownload_with_tracking_express.selects_template(java.lang.String)
  And selects batch "large_batch"                                    # stepdefinitions.Autodownload_with_tracking_express.selects_batch(java.lang.String)
  And sets the current date and time for scheduling                  # stepdefinitions.Autodownload_with_tracking_express.sets_current_date_time()
  And submits the autodownload form                                  # stepdefinitions.Autodownload_with_tracking_express.submits_autodownload_form()
Response from /autoDownloadNotice:
<html>
  <body>
 
 {"code":200,"message":"Process complete. !!","response":"success"}</body>
</html>
  Then the autodownload API should be triggered successfully         # stepdefinitions.Autodownload_with_tracking_express.autodownload_api_triggered()
]]></system-out>
    <system-err><![CDATA[Oct 10, 2025 1:10:30 PM org.openqa.selenium.devtools.CdpVersionFinder findNearestMatch
WARNING: Unable to find an exact match for CDP version 141, returning the closest version; found: 139; Please update to a Selenium version that supports CDP version 141
]]></system-err>
  </testcase>
  <testcase name="runScenario[&quot;Schedule and trigger an autodownload without tracking&quot;, &quot;Auto Download Without Tracking&quot;](2)" classname="runners.TestRunner" time="150.231">
    <failure message="invalid session id: session deleted as the browser has closed the connection&#10;from disconnected: not connected to DevTools&#10;  (Session info: chrome=141.0.7390.66)&#10;Build info: version: &apos;4.35.0&apos;, revision: &apos;1c58e5028b&apos;&#10;System info: os.name: &apos;Windows 11&apos;, os.arch: &apos;amd64&apos;, os.version: &apos;10.0&apos;, java.version: &apos;17.0.7&apos;&#10;Driver info: org.openqa.selenium.chrome.ChromeDriver&#10;Command: [f7ea91a9834cfcafdd2365577c7d1676, refresh {}]&#10;Capabilities {acceptInsecureCerts: false, browserName: chrome, browserVersion: 141.0.7390.66, chrome: {chromedriverVersion: 141.0.7390.76 (d6fcfbb51aac..., userDataDir: C:\Users\KIRAN_~1\AppData\L...}, fedcm:accounts: true, goog:chromeOptions: {debuggerAddress: localhost:50317}, networkConnectionEnabled: false, pageLoadStrategy: normal, platformName: windows, proxy: Proxy(), se:cdp: ws://localhost:50317/devtoo..., se:cdpVersion: 141.0.7390.66, setWindowRect: true, strictFileInteractability: false, timeouts: {implicit: 0, pageLoad: 300000, script: 30000}, unhandledPromptBehavior: dismiss and notify, webauthn:extension:credBlob: true, webauthn:extension:largeBlob: true, webauthn:extension:minPinLength: true, webauthn:extension:prf: true, webauthn:virtualAuthenticators: true}&#10;Session ID: f7ea91a9834cfcafdd2365577c7d1676" type="org.openqa.selenium.NoSuchSessionException"><![CDATA[org.openqa.selenium.NoSuchSessionException: 
invalid session id: session deleted as the browser has closed the connection
from disconnected: not connected to DevTools
  (Session info: chrome=141.0.7390.66)
Build info: version: '4.35.0', revision: '1c58e5028b'
System info: os.name: 'Windows 11', os.arch: 'amd64', os.version: '10.0', java.version: '17.0.7'
Driver info: org.openqa.selenium.chrome.ChromeDriver
Command: [f7ea91a9834cfcafdd2365577c7d1676, refresh {}]
Capabilities {acceptInsecureCerts: false, browserName: chrome, browserVersion: 141.0.7390.66, chrome: {chromedriverVersion: 141.0.7390.76 (d6fcfbb51aac..., userDataDir: C:\Users\KIRAN_~1\AppData\L...}, fedcm:accounts: true, goog:chromeOptions: {debuggerAddress: localhost:50317}, networkConnectionEnabled: false, pageLoadStrategy: normal, platformName: windows, proxy: Proxy(), se:cdp: ws://localhost:50317/devtoo..., se:cdpVersion: 141.0.7390.66, setWindowRect: true, strictFileInteractability: false, timeouts: {implicit: 0, pageLoad: 300000, script: 30000}, unhandledPromptBehavior: dismiss and notify, webauthn:extension:credBlob: true, webauthn:extension:largeBlob: true, webauthn:extension:minPinLength: true, webauthn:extension:prf: true, webauthn:virtualAuthenticators: true}
Session ID: f7ea91a9834cfcafdd2365577c7d1676
	at java.base/jdk.internal.reflect.NativeConstructorAccessorImpl.newInstance0(Native Method)
	at java.base/jdk.internal.reflect.NativeConstructorAccessorImpl.newInstance(NativeConstructorAccessorImpl.java:77)
	at java.base/jdk.internal.reflect.DelegatingConstructorAccessorImpl.newInstance(DelegatingConstructorAccessorImpl.java:45)
	at java.base/java.lang.reflect.Constructor.newInstanceWithCaller(Constructor.java:499)
	at java.base/java.lang.reflect.Constructor.newInstance(Constructor.java:480)
	at org.openqa.selenium.remote.ErrorCodec.decode(ErrorCodec.java:167)
	at org.openqa.selenium.remote.codec.w3c.W3CHttpResponseCodec.decode(W3CHttpResponseCodec.java:138)
	at org.openqa.selenium.remote.codec.w3c.W3CHttpResponseCodec.decode(W3CHttpResponseCodec.java:50)
	at org.openqa.selenium.remote.HttpCommandExecutor.execute(HttpCommandExecutor.java:215)
	at org.openqa.selenium.remote.service.DriverCommandExecutor.invokeExecute(DriverCommandExecutor.java:216)
	at org.openqa.selenium.remote.service.DriverCommandExecutor.execute(DriverCommandExecutor.java:174)
	at org.openqa.selenium.remote.RemoteWebDriver.execute(RemoteWebDriver.java:557)
	at org.openqa.selenium.remote.RemoteWebDriver.execute(RemoteWebDriver.java:630)
	at org.openqa.selenium.remote.RemoteWebDriver.execute(RemoteWebDriver.java:634)
	at org.openqa.selenium.remote.RemoteWebDriver$RemoteNavigation.refresh(RemoteWebDriver.java:1099)
	at stepdefinitions.Autodownload_with_tracking_express.autodownload_api_triggered(Autodownload_with_tracking_express.java:97)
	at ✽.the autodownload API should be triggered successfully(file:///C:/Presolv_Project/NewIncase360updated/Incase360/src/test/resources/features/Autodownload_with_tracking_express.feature:15)
]]></failure>
    <system-out><![CDATA[
Scenario: Schedule and trigger an autodownload without tracking # src/test/resources/features/Autodownload_with_tracking_express.feature:8
  Given the admin is logged into the system                     # stepdefinitions.Autodownload_with_tracking_express.admin_is_logged_into_the_system()
  When the admin navigates to the autodownload page             # stepdefinitions.Autodownload_with_tracking_express.admin_navigates_to_the_autodownload_page()
  And selects user "vipul"                                      # stepdefinitions.Autodownload_with_tracking_express.selects_user(java.lang.String)
  And selects template "multiple_coborrower_standard"           # stepdefinitions.Autodownload_with_tracking_express.selects_template(java.lang.String)
  And selects batch "large_batch"                               # stepdefinitions.Autodownload_with_tracking_express.selects_batch(java.lang.String)
  And sets the current date and time for scheduling             # stepdefinitions.Autodownload_with_tracking_express.sets_current_date_time()
  And submits the autodownload form                             # stepdefinitions.Autodownload_with_tracking_express.submits_autodownload_form()
Response from /autoDownloadNotice:
<html>
  <body>
 
 {"code":200,"message":"Process complete. !!","response":"success"}</body>
</html>
  Then the autodownload API should be triggered successfully    # stepdefinitions.Autodownload_with_tracking_express.autodownload_api_triggered()
      org.openqa.selenium.NoSuchSessionException: invalid session id: session deleted as the browser has closed the connection
      from disconnected: not connected to DevTools
        (Session info: chrome=141.0.7390.66)
      Build info: version: '4.35.0', revision: '1c58e5028b'
      System info: os.name: 'Windows 11', os.arch: 'amd64', os.version: '10.0', java.version: '17.0.7'
      Driver info: org.openqa.selenium.chrome.ChromeDriver
      Command: [f7ea91a9834cfcafdd2365577c7d1676, refresh {}]
      Capabilities {acceptInsecureCerts: false, browserName: chrome, browserVersion: 141.0.7390.66, chrome: {chromedriverVersion: 141.0.7390.76 (d6fcfbb51aac..., userDataDir: C:\Users\KIRAN_~1\AppData\L...}, fedcm:accounts: true, goog:chromeOptions: {debuggerAddress: localhost:50317}, networkConnectionEnabled: false, pageLoadStrategy: normal, platformName: windows, proxy: Proxy(), se:cdp: ws://localhost:50317/devtoo..., se:cdpVersion: 141.0.7390.66, setWindowRect: true, strictFileInteractability: false, timeouts: {implicit: 0, pageLoad: 300000, script: 30000}, unhandledPromptBehavior: dismiss and notify, webauthn:extension:credBlob: true, webauthn:extension:largeBlob: true, webauthn:extension:minPinLength: true, webauthn:extension:prf: true, webauthn:virtualAuthenticators: true}
      Session ID: f7ea91a9834cfcafdd2365577c7d1676
      	at java.base/jdk.internal.reflect.NativeConstructorAccessorImpl.newInstance0(Native Method)
      	at java.base/jdk.internal.reflect.NativeConstructorAccessorImpl.newInstance(NativeConstructorAccessorImpl.java:77)
      	at java.base/jdk.internal.reflect.DelegatingConstructorAccessorImpl.newInstance(DelegatingConstructorAccessorImpl.java:45)
      	at java.base/java.lang.reflect.Constructor.newInstanceWithCaller(Constructor.java:499)
      	at java.base/java.lang.reflect.Constructor.newInstance(Constructor.java:480)
      	at org.openqa.selenium.remote.ErrorCodec.decode(ErrorCodec.java:167)
      	at org.openqa.selenium.remote.codec.w3c.W3CHttpResponseCodec.decode(W3CHttpResponseCodec.java:138)
      	at org.openqa.selenium.remote.codec.w3c.W3CHttpResponseCodec.decode(W3CHttpResponseCodec.java:50)
      	at org.openqa.selenium.remote.HttpCommandExecutor.execute(HttpCommandExecutor.java:215)
      	at org.openqa.selenium.remote.service.DriverCommandExecutor.invokeExecute(DriverCommandExecutor.java:216)
      	at org.openqa.selenium.remote.service.DriverCommandExecutor.execute(DriverCommandExecutor.java:174)
      	at org.openqa.selenium.remote.RemoteWebDriver.execute(RemoteWebDriver.java:557)
      	at org.openqa.selenium.remote.RemoteWebDriver.execute(RemoteWebDriver.java:630)
      	at org.openqa.selenium.remote.RemoteWebDriver.execute(RemoteWebDriver.java:634)
      	at org.openqa.selenium.remote.RemoteWebDriver$RemoteNavigation.refresh(RemoteWebDriver.java:1099)
      	at stepdefinitions.Autodownload_with_tracking_express.autodownload_api_triggered(Autodownload_with_tracking_express.java:97)
      	at âœ½.the autodownload API should be triggered successfully(file:///C:/Presolv_Project/NewIncase360updated/Incase360/src/test/resources/features/Autodownload_with_tracking_express.feature:15)
]]></system-out>
    <system-err><![CDATA[Oct 10, 2025 1:13:23 PM org.openqa.selenium.devtools.CdpVersionFinder findNearestMatch
WARNING: Unable to find an exact match for CDP version 141, returning the closest version; found: 139; Please update to a Selenium version that supports CDP version 141
]]></system-err>
  </testcase>
  <testcase name="runScenario[&quot;Schedule standard auto report successfully&quot;, &quot;AutoReport for Standard Notice&quot;](3)" classname="runners.TestRunner" time="31.683">
    <failure message="Expected condition failed: waiting for element to be clickable: By.xpath: /html/body/div[3]/div[2]/div[1]/span (tried for 10 second(s) with 500 milliseconds interval)&#10;Build info: version: &apos;4.35.0&apos;, revision: &apos;1c58e5028b&apos;&#10;System info: os.name: &apos;Windows 11&apos;, os.arch: &apos;amd64&apos;, os.version: &apos;10.0&apos;, java.version: &apos;17.0.7&apos;&#10;Driver info: org.openqa.selenium.chrome.ChromeDriver&#10;Capabilities {acceptInsecureCerts: false, browserName: chrome, browserVersion: 141.0.7390.66, chrome: {chromedriverVersion: 141.0.7390.65 (b2ec783d2b51..., userDataDir: C:\Users\KIRAN_~1\AppData\L...}, fedcm:accounts: true, goog:chromeOptions: {debuggerAddress: localhost:55480}, networkConnectionEnabled: false, pageLoadStrategy: normal, platformName: windows, proxy: Proxy(), se:cdp: ws://localhost:55480/devtoo..., se:cdpVersion: 141.0.7390.66, setWindowRect: true, strictFileInteractability: false, timeouts: {implicit: 0, pageLoad: 300000, script: 30000}, unhandledPromptBehavior: dismiss and notify, webauthn:extension:credBlob: true, webauthn:extension:largeBlob: true, webauthn:extension:minPinLength: true, webauthn:extension:prf: true, webauthn:virtualAuthenticators: true}&#10;Session ID: 4bf970fcd0586c745947fd403b441ca1" type="org.openqa.selenium.TimeoutException"><![CDATA[org.openqa.selenium.TimeoutException: 
Expected condition failed: waiting for element to be clickable: By.xpath: /html/body/div[3]/div[2]/div[1]/span (tried for 10 second(s) with 500 milliseconds interval)
Build info: version: '4.35.0', revision: '1c58e5028b'
System info: os.name: 'Windows 11', os.arch: 'amd64', os.version: '10.0', java.version: '17.0.7'
Driver info: org.openqa.selenium.chrome.ChromeDriver
Capabilities {acceptInsecureCerts: false, browserName: chrome, browserVersion: 141.0.7390.66, chrome: {chromedriverVersion: 141.0.7390.65 (b2ec783d2b51..., userDataDir: C:\Users\KIRAN_~1\AppData\L...}, fedcm:accounts: true, goog:chromeOptions: {debuggerAddress: localhost:55480}, networkConnectionEnabled: false, pageLoadStrategy: normal, platformName: windows, proxy: Proxy(), se:cdp: ws://localhost:55480/devtoo..., se:cdpVersion: 141.0.7390.66, setWindowRect: true, strictFileInteractability: false, timeouts: {implicit: 0, pageLoad: 300000, script: 30000}, unhandledPromptBehavior: dismiss and notify, webauthn:extension:credBlob: true, webauthn:extension:largeBlob: true, webauthn:extension:minPinLength: true, webauthn:extension:prf: true, webauthn:virtualAuthenticators: true}
Session ID: 4bf970fcd0586c745947fd403b441ca1
	at org.openqa.selenium.support.ui.WebDriverWait.timeoutException(WebDriverWait.java:84)
	at org.openqa.selenium.support.ui.FluentWait.until(FluentWait.java:228)
	at stepdefinitions.Autoreport_for_standard_notice_steps.the_admin_schedules_a_standard_auto_report(Autoreport_for_standard_notice_steps.java:61)
	at ✽.the admin schedules a standard auto report for user "vipul" with notice "Mu" and batch "standard_batch_MSI_01"(file:///C:/Presolv_Project/NewIncase360updated/Incase360/src/test/resources/features/Autoreport_for_standard_notice.feature:6)
]]></failure>
    <system-out><![CDATA[
Scenario: Schedule standard auto report successfully                                                                  # src/test/resources/features/Autoreport_for_standard_notice.feature:3
  Given Given the admin logs into the Incase360 application for STANDARD auto report                                  # stepdefinitions.Autoreport_for_standard_notice_steps.the_admin_logs_into_the_incase360_application_standard()
  When the admin schedules a standard auto report for user "vipul" with notice "Mu" and batch "standard_batch_MSI_01" # stepdefinitions.Autoreport_for_standard_notice_steps.the_admin_schedules_a_standard_auto_report(java.lang.String,java.lang.String,java.lang.String)
      org.openqa.selenium.TimeoutException: Expected condition failed: waiting for element to be clickable: By.xpath: /html/body/div[3]/div[2]/div[1]/span (tried for 10 second(s) with 500 milliseconds interval)
      Build info: version: '4.35.0', revision: '1c58e5028b'
      System info: os.name: 'Windows 11', os.arch: 'amd64', os.version: '10.0', java.version: '17.0.7'
      Driver info: org.openqa.selenium.chrome.ChromeDriver
      Capabilities {acceptInsecureCerts: false, browserName: chrome, browserVersion: 141.0.7390.66, chrome: {chromedriverVersion: 141.0.7390.65 (b2ec783d2b51..., userDataDir: C:\Users\KIRAN_~1\AppData\L...}, fedcm:accounts: true, goog:chromeOptions: {debuggerAddress: localhost:55480}, networkConnectionEnabled: false, pageLoadStrategy: normal, platformName: windows, proxy: Proxy(), se:cdp: ws://localhost:55480/devtoo..., se:cdpVersion: 141.0.7390.66, setWindowRect: true, strictFileInteractability: false, timeouts: {implicit: 0, pageLoad: 300000, script: 30000}, unhandledPromptBehavior: dismiss and notify, webauthn:extension:credBlob: true, webauthn:extension:largeBlob: true, webauthn:extension:minPinLength: true, webauthn:extension:prf: true, webauthn:virtualAuthenticators: true}
      Session ID: 4bf970fcd0586c745947fd403b441ca1
      	at org.openqa.selenium.support.ui.WebDriverWait.timeoutException(WebDriverWait.java:84)
      	at org.openqa.selenium.support.ui.FluentWait.until(FluentWait.java:228)
      	at stepdefinitions.Autoreport_for_standard_notice_steps.the_admin_schedules_a_standard_auto_report(Autoreport_for_standard_notice_steps.java:61)
      	at âœ½.the admin schedules a standard auto report for user "vipul" with notice "Mu" and batch "standard_batch_MSI_01"(file:///C:/Presolv_Project/NewIncase360updated/Incase360/src/test/resources/features/Autoreport_for_standard_notice.feature:6)
  And the admin sets the standard auto report schedule time to "2024-09-23T13:45"                                     # stepdefinitions.Autoreport_for_standard_notice_steps.the_admin_sets_the_standard_auto_report_schedule_time(java.lang.String)
  And the admin submits the standard auto report                                                                      # stepdefinitions.Autoreport_for_standard_notice_steps.the_admin_submits_the_standard_auto_report()
  Then the standard AutoReport API should be triggered successfully                                                   # stepdefinitions.Autoreport_for_standard_notice_steps.the_standard_autoreport_api_should_be_triggered_successfully()
]]></system-out>
    <system-err><![CDATA[[main] INFO io.github.bonigarcia.wdm.WebDriverManager - Using chromedriver 141.0.7390.65 (resolved driver for Chrome 141)
[main] INFO io.github.bonigarcia.wdm.WebDriverManager - Exporting webdriver.chrome.driver as C:\Users\Kiran_Presolv360\.cache\selenium\chromedriver\win64\141.0.7390.65\chromedriver.exe
Oct 10, 2025 1:15:55 PM org.openqa.selenium.devtools.CdpVersionFinder findNearestMatch
WARNING: Unable to find an exact match for CDP version 141, returning the closest version; found: 139; Please update to a Selenium version that supports CDP version 141
]]></system-err>
  </testcase>
  <testcase name="runScenario[&quot;Generate autoreport for multiple batches&quot;, &quot;Auto Report for Multiple Batches Express&quot;](4)" classname="runners.TestRunner" time="0.012">
    <failure message="Cannot invoke &quot;org.openqa.selenium.WebDriver.get(String)&quot; because &quot;driver&quot; is null" type="java.lang.NullPointerException"><![CDATA[java.lang.NullPointerException: Cannot invoke "org.openqa.selenium.WebDriver.get(String)" because "driver" is null
	at utilities.Login_functionality_admin.loginTest(Login_functionality_admin.java:25)
	at stepdefinitions.Autoreport_test_with_multiple_batches_express.i_am_logged_in_as_an_admin(Autoreport_test_with_multiple_batches_express.java:29)
	at ✽.I am logged in as an admin(file:///C:/Presolv_Project/NewIncase360updated/Incase360/src/test/resources/features/Autoreport_test_with_multiple_batches_express.feature:4)
]]></failure>
    <system-out><![CDATA[
Scenario Outline: Generate autoreport for multiple batches # src/test/resources/features/Autoreport_test_with_multiple_batches_express.feature:18
  Given I am logged in as an admin                         # stepdefinitions.Autoreport_test_with_multiple_batches_express.i_am_logged_in_as_an_admin()
      java.lang.NullPointerException: Cannot invoke "org.openqa.selenium.WebDriver.get(String)" because "driver" is null
      	at utilities.Login_functionality_admin.loginTest(Login_functionality_admin.java:25)
      	at stepdefinitions.Autoreport_test_with_multiple_batches_express.i_am_logged_in_as_an_admin(Autoreport_test_with_multiple_batches_express.java:29)
      	at âœ½.I am logged in as an admin(file:///C:/Presolv_Project/NewIncase360updated/Incase360/src/test/resources/features/Autoreport_test_with_multiple_batches_express.feature:4)
  And I navigate to the autoreport page                    # stepdefinitions.Autoreport_test_with_multiple_batches_express.i_navigate_to_the_autoreport_page()
  When I fill student as "vipul"                           # stepdefinitions.Autoreport_test_with_multiple_batches_express.i_fill_student_as(java.lang.String)
  And I select teacher as "Com"                            # stepdefinitions.Autoreport_test_with_multiple_batches_express.i_select_teacher_as(java.lang.String)
  And I select batch "Test_que_table_entry_01"             # stepdefinitions.Autoreport_test_with_multiple_batches_express.i_select_batch(java.lang.String)
  And I set datetime as "2024-09-23T13:45"                 # stepdefinitions.Autoreport_test_with_multiple_batches_express.i_set_datetime_as(java.lang.String)
  And I pick a random class                                # stepdefinitions.Autoreport_test_with_multiple_batches_express.i_pick_a_random_class()
  And I submit the autoreport                              # stepdefinitions.Autoreport_test_with_multiple_batches_express.i_submit_the_autoreport()
  Then The parent notice API should be triggered           # stepdefinitions.Autoreport_test_with_multiple_batches_express.the_parent_notice_api_should_be_triggered()
]]></system-out>
  </testcase>
  <testcase name="runScenario[&quot;Generate autoreport for multiple batches&quot;, &quot;Auto Report for Multiple Batches Express&quot;](5)" classname="runners.TestRunner" time="0.011">
    <failure message="Cannot invoke &quot;org.openqa.selenium.WebDriver.get(String)&quot; because &quot;driver&quot; is null" type="java.lang.NullPointerException"><![CDATA[java.lang.NullPointerException: Cannot invoke "org.openqa.selenium.WebDriver.get(String)" because "driver" is null
	at utilities.Login_functionality_admin.loginTest(Login_functionality_admin.java:25)
	at stepdefinitions.Autoreport_test_with_multiple_batches_express.i_am_logged_in_as_an_admin(Autoreport_test_with_multiple_batches_express.java:29)
	at ✽.I am logged in as an admin(file:///C:/Presolv_Project/NewIncase360updated/Incase360/src/test/resources/features/Autoreport_test_with_multiple_batches_express.feature:4)
]]></failure>
    <system-out><![CDATA[
Scenario Outline: Generate autoreport for multiple batches # src/test/resources/features/Autoreport_test_with_multiple_batches_express.feature:19
  Given I am logged in as an admin                         # stepdefinitions.Autoreport_test_with_multiple_batches_express.i_am_logged_in_as_an_admin()
      java.lang.NullPointerException: Cannot invoke "org.openqa.selenium.WebDriver.get(String)" because "driver" is null
      	at utilities.Login_functionality_admin.loginTest(Login_functionality_admin.java:25)
      	at stepdefinitions.Autoreport_test_with_multiple_batches_express.i_am_logged_in_as_an_admin(Autoreport_test_with_multiple_batches_express.java:29)
      	at âœ½.I am logged in as an admin(file:///C:/Presolv_Project/NewIncase360updated/Incase360/src/test/resources/features/Autoreport_test_with_multiple_batches_express.feature:4)
  And I navigate to the autoreport page                    # stepdefinitions.Autoreport_test_with_multiple_batches_express.i_navigate_to_the_autoreport_page()
  When I fill student as "vipul"                           # stepdefinitions.Autoreport_test_with_multiple_batches_express.i_fill_student_as(java.lang.String)
  And I select teacher as "Com"                            # stepdefinitions.Autoreport_test_with_multiple_batches_express.i_select_teacher_as(java.lang.String)
  And I select batch "without_com_express_01"              # stepdefinitions.Autoreport_test_with_multiple_batches_express.i_select_batch(java.lang.String)
  And I set datetime as "2024-09-23T13:45"                 # stepdefinitions.Autoreport_test_with_multiple_batches_express.i_set_datetime_as(java.lang.String)
  And I pick a random class                                # stepdefinitions.Autoreport_test_with_multiple_batches_express.i_pick_a_random_class()
  And I submit the autoreport                              # stepdefinitions.Autoreport_test_with_multiple_batches_express.i_submit_the_autoreport()
  Then The parent notice API should be triggered           # stepdefinitions.Autoreport_test_with_multiple_batches_express.the_parent_notice_api_should_be_triggered()
]]></system-out>
  </testcase>
  <testcase name="runScenario[&quot;Generate autoreport for multiple batches&quot;, &quot;Auto Report for Multiple Batches Express&quot;](6)" classname="runners.TestRunner" time="0.009">
    <failure message="Cannot invoke &quot;org.openqa.selenium.WebDriver.get(String)&quot; because &quot;driver&quot; is null" type="java.lang.NullPointerException"><![CDATA[java.lang.NullPointerException: Cannot invoke "org.openqa.selenium.WebDriver.get(String)" because "driver" is null
	at utilities.Login_functionality_admin.loginTest(Login_functionality_admin.java:25)
	at stepdefinitions.Autoreport_test_with_multiple_batches_express.i_am_logged_in_as_an_admin(Autoreport_test_with_multiple_batches_express.java:29)
	at ✽.I am logged in as an admin(file:///C:/Presolv_Project/NewIncase360updated/Incase360/src/test/resources/features/Autoreport_test_with_multiple_batches_express.feature:4)
]]></failure>
    <system-out><![CDATA[
Scenario Outline: Generate autoreport for multiple batches # src/test/resources/features/Autoreport_test_with_multiple_batches_express.feature:20
  Given I am logged in as an admin                         # stepdefinitions.Autoreport_test_with_multiple_batches_express.i_am_logged_in_as_an_admin()
      java.lang.NullPointerException: Cannot invoke "org.openqa.selenium.WebDriver.get(String)" because "driver" is null
      	at utilities.Login_functionality_admin.loginTest(Login_functionality_admin.java:25)
      	at stepdefinitions.Autoreport_test_with_multiple_batches_express.i_am_logged_in_as_an_admin(Autoreport_test_with_multiple_batches_express.java:29)
      	at âœ½.I am logged in as an admin(file:///C:/Presolv_Project/NewIncase360updated/Incase360/src/test/resources/features/Autoreport_test_with_multiple_batches_express.feature:4)
  And I navigate to the autoreport page                    # stepdefinitions.Autoreport_test_with_multiple_batches_express.i_navigate_to_the_autoreport_page()
  When I fill student as "vipul"                           # stepdefinitions.Autoreport_test_with_multiple_batches_express.i_fill_student_as(java.lang.String)
  And I select teacher as "Com"                            # stepdefinitions.Autoreport_test_with_multiple_batches_express.i_select_teacher_as(java.lang.String)
  And I select batch "without_com_express_02"              # stepdefinitions.Autoreport_test_with_multiple_batches_express.i_select_batch(java.lang.String)
  And I set datetime as "2024-09-23T13:45"                 # stepdefinitions.Autoreport_test_with_multiple_batches_express.i_set_datetime_as(java.lang.String)
  And I pick a random class                                # stepdefinitions.Autoreport_test_with_multiple_batches_express.i_pick_a_random_class()
  And I submit the autoreport                              # stepdefinitions.Autoreport_test_with_multiple_batches_express.i_submit_the_autoreport()
  Then The parent notice API should be triggered           # stepdefinitions.Autoreport_test_with_multiple_batches_express.the_parent_notice_api_should_be_triggered()
]]></system-out>
  </testcase>
</testsuite>