<?xml version="1.0" encoding="UTF-8"?>
<testsuite xmlns:xsi="http://www.w3.org/2001/XMLSchema-instance" xsi:noNamespaceSchemaLocation="https://maven.apache.org/surefire/maven-surefire-plugin/xsd/surefire-test-report-3.0.xsd" version="3.0" name="TestSuite" time="29.067" tests="1" errors="0" skipped="0" failures="0">
  <properties>
[...]
</properties>
  <testcase name="runScenario[&quot;Successfully create a new letterhead with images and formatting&quot;, &quot;Letterhead Creation&quot;](1)" classname="runners.TestRunner" time="27.867">
    <system-out><![CDATA[
@LetterheadCreation @CreateLetterhead @Smoke
Scenario: Successfully create a new letterhead with images and formatting    # src/test/resources/features/Letterhead_creation.feature:12
Admin logged in successfully for letterhead creation
  Given the admin is logged into the application for letterhead creation     # stepdefinitions.Letterhead_Creation_Steps.the_admin_is_logged_into_the_application_for_letterhead_creation()
Navigated to letterhead management section
  When the admin navigates to the letterhead management section for creation # stepdefinitions.Letterhead_Creation_Steps.the_admin_navigates_to_the_letterhead_management_section_for_creation()
Clicked Add New button for letterhead
  And the admin clicks the Add New button for letterhead creation            # stepdefinitions.Letterhead_Creation_Steps.the_admin_clicks_the_add_new_button_for_letterhead_creation()
Entered unique letterhead name: auto_letterhead_48233
  And the admin enters a unique letterhead name for creation                 # stepdefinitions.Letterhead_Creation_Steps.the_admin_enters_a_unique_letterhead_name_for_creation()
Entered header margin: 50
  And the admin enters header margin as "50" for letterhead                  # stepdefinitions.Letterhead_Creation_Steps.the_admin_enters_header_margin_as_for_letterhead(java.lang.String)
Entered footer margin: 40
  And the admin enters footer margin as "40" for letterhead                  # stepdefinitions.Letterhead_Creation_Steps.the_admin_enters_footer_margin_as_for_letterhead(java.lang.String)
Uploaded letterhead image: C:\Presolv_Project\NewIncase360updated\Incase360/src/test/resources/testdata/Adv_Letterhead_format-4.png
  And the admin uploads the letterhead image file for creation               # stepdefinitions.Letterhead_Creation_Steps.the_admin_uploads_the_letterhead_image_file_for_creation()
Uploaded signature image: C:\Presolv_Project\NewIncase360updated\Incase360/src/test/resources/testdata/pdf_generation_test.jpeg
  And the admin uploads the signature image file for creation                # stepdefinitions.Letterhead_Creation_Steps.the_admin_uploads_the_signature_image_file_for_creation()
Entered signature width: 150
  And the admin enters signature width as "150" for letterhead               # stepdefinitions.Letterhead_Creation_Steps.the_admin_enters_signature_width_as_for_letterhead(java.lang.String)
Entered signature height: 50
  And the admin enters signature height as "50" for letterhead               # stepdefinitions.Letterhead_Creation_Steps.the_admin_enters_signature_height_as_for_letterhead(java.lang.String)
Clicked Submit button for letterhead creation
  And the admin clicks the Submit button for new letterhead creation         # stepdefinitions.Letterhead_Creation_Steps.the_admin_clicks_the_submit_button_for_new_letterhead_creation()
Letterhead created successfully: auto_letterhead_48233
  Then the new letterhead should be created successfully                     # stepdefinitions.Letterhead_Creation_Steps.the_new_letterhead_should_be_created_successfully()
[ScenarioContext] Clearing all stored data
]]></system-out>
    <system-err><![CDATA[[main] INFO io.github.bonigarcia.wdm.WebDriverManager - Using chromedriver 144.0.7559.109 (resolved driver for Chrome 144)
[main] INFO io.github.bonigarcia.wdm.WebDriverManager - Exporting webdriver.chrome.driver as C:\Users\Kiran_Presolv360\.cache\selenium\chromedriver\win64\144.0.7559.109\chromedriver.exe
Feb 03, 2026 4:41:17 PM org.openqa.selenium.devtools.CdpVersionFinder findNearestMatch
WARNING: Unable to find CDP implementation matching 144
Feb 03, 2026 4:41:17 PM org.openqa.selenium.chromium.ChromiumDriver lambda$new$4
WARNING: Unable to find version of CDP to use for 144.0.7559.110. You may need to include a dependency on a specific version of the CDP using something similar to `org.seleniumhq.selenium:selenium-devtools-v86:4.35.0` where the version ("v86") matches the version of the chromium-based browser you're using and the version number of the artifact is the same as Selenium's.
]]></system-err>
  </testcase>
</testsuite>