<?xml version="1.0" encoding="UTF-8"?>
<testsuite xmlns:xsi="http://www.w3.org/2001/XMLSchema-instance" xsi:noNamespaceSchemaLocation="https://maven.apache.org/surefire/maven-surefire-plugin/xsd/surefire-test-report-3.0.xsd" version="3.0" name="utilities.Proxy_pdf_generation" time="16.984" tests="1" errors="0" skipped="0" failures="0">
  <properties>
[...]
</properties>
  <testcase name="parentApiEntry" classname="utilities.Proxy_pdf_generation" time="15.908">
    <system-out><![CDATA[===== Step 1: Hitting Create Notice API 4 times =====
Response from https://testapi.incase360.com/createNotice: 200
createNotice API hit #1
Response from https://testapi.incase360.com/createNotice: 200
createNotice API hit #2
Response from https://testapi.incase360.com/createNotice: 200
createNotice API hit #3
Response from https://testapi.incase360.com/createNotice: 200
createNotice API hit #4
===== Step 2: Hitting Create PDF API =====
Response from https://tools.incase360.com/notice-management-dev/create-pdf: 200
createPdf API hit once ✅1
Response from https://tools.incase360.com/notice-management-dev/create-pdf: 200
createPdf API hit once ✅2
Response from https://tools.incase360.com/notice-management-dev/create-pdf: 200
createPdf API hit once ✅3
Response from https://tools.incase360.com/notice-management-dev/create-pdf: 200
createPdf API hit once ✅4
===== Step 3: Hitting Send Scheduled Notice API 3 times =====
Response from https://testapi.incase360.com/sendScheduledNotice: 200
sendScheduledNotice API hit #1
Response from https://testapi.incase360.com/sendScheduledNotice: 200
sendScheduledNotice API hit #2
Response from https://testapi.incase360.com/sendScheduledNotice: 200
sendScheduledNotice API hit #3
Response from https://testapi.incase360.com/sendScheduledNotice: 200
sendScheduledNotice API hit #4

🎯 All API calls completed successfully in sequence!
]]></system-out>
  </testcase>
</testsuite>