<?xml version="1.0" encoding="UTF-8"?>
<!-- Generated by org.testng.reporters.JUnitReportReporter -->
<testsuite hostname="Kiran-Presolv360" failures="0" tests="1" name="runners.TestRunner" time="17.788" errors="1" timestamp="2025-08-21T15:45:11 IST" skipped="0">
  <testcase classname="runners.TestRunner" name="runScenario" time="17.788">
    <error message="The step &#039;I navigate to auto download without tracking&#039; and 1 other step(s) are undefined.
You can implement these steps using the snippet(s) below:

@When(&quot;I navigate to auto download without tracking&quot;)
public void i_navigate_to_auto_download_without_tracking() {
    // Write code here that turns the phrase above into concrete actions
    throw new io.cucumber.java.PendingException();
}
@When(&quot;I enter batch name {string}&quot;)
public void i_enter_batch_name(String string) {
    // Write code here that turns the phrase above into concrete actions
    throw new io.cucumber.java.PendingException();
}
" type="io.cucumber.testng.UndefinedStepException">
      <![CDATA[io.cucumber.testng.UndefinedStepException: The step 'I navigate to auto download without tracking' and 1 other step(s) are undefined.
You can implement these steps using the snippet(s) below:

@When("I navigate to auto download without tracking")
public void i_navigate_to_auto_download_without_tracking() {
    // Write code here that turns the phrase above into concrete actions
    throw new io.cucumber.java.PendingException();
}
@When("I enter batch name {string}")
public void i_enter_batch_name(String string) {
    // Write code here that turns the phrase above into concrete actions
    throw new io.cucumber.java.PendingException();
}

at ✽.I navigate to auto download without tracking(file:///C:/Presolv_Project/NewIncase360updated/Incase360/src/test/resources/features/Autodownload_with_tracking.feature:5)
]]>
    </error>
  </testcase> <!-- runScenario -->
</testsuite> <!-- runners.TestRunner -->
